[INFO]	asctime:2020-08-17 13:15:39,883	module:autoreload	message:Watching for file changes with StatReloader	process:7548	thread:616
[INFO]	asctime:2020-08-17 13:15:43,783	module:basehttp	message:"GET / HTTP/1.1" 200 9250	process:7548	thread:4296
[INFO]	asctime:2020-08-17 13:15:45,476	module:basehttp	message:"GET /accounts/login/ HTTP/1.1" 200 12304	process:7548	thread:4296
[INFO]	asctime:2020-08-17 13:16:08,966	module:basehttp	message:"POST /accounts/login/ HTTP/1.1" 302 0	process:7548	thread:4296
[INFO]	asctime:2020-08-17 13:16:09,122	module:basehttp	message:"GET /accounts/confirm-email/ HTTP/1.1" 200 11958	process:7548	thread:4296
[INFO]	asctime:2020-08-17 13:16:16,473	module:basehttp	message:"GET / HTTP/1.1" 200 9247	process:7548	thread:4296
[INFO]	asctime:2020-08-17 13:16:17,967	module:basehttp	message:"GET /accounts/login/ HTTP/1.1" 200 12304	process:7548	thread:4296
[INFO]	asctime:2020-08-17 13:18:58,990	module:basehttp	message:"POST /accounts/login/ HTTP/1.1" 302 0	process:7548	thread:4296
[INFO]	asctime:2020-08-17 13:18:59,118	module:basehttp	message:"GET /accounts/confirm-email/ HTTP/1.1" 200 11958	process:7548	thread:4296
[INFO]	asctime:2020-08-17 13:19:13,302	module:basehttp	message:"GET /accounts/confirm-email/MQ:1k7WZ6:_uwQiCfKWIdCC2EBvJf-_RRD348/ HTTP/1.1" 200 11862	process:7548	thread:4296
[INFO]	asctime:2020-08-17 13:19:15,454	module:basehttp	message:"POST /accounts/confirm-email/MQ:1k7Wc5:Fqdc6AB-Pfi2wB9jF4Mm-EFBV68/ HTTP/1.1" 302 0	process:7548	thread:4296
[INFO]	asctime:2020-08-17 13:19:15,593	module:basehttp	message:"GET /accounts/login/ HTTP/1.1" 200 13010	process:7548	thread:4296
[ERROR]	asctime:2020-08-17 13:19:28,416	module:log	message:Internal Server Error: /accounts/login/	process:7548	thread:4296
Traceback (most recent call last):
  File "C:\Anone\venv_HelloAliber\lib\site-packages\django\urls\base.py", line 72, in reverse
    extra, resolver = resolver.namespace_dict[ns]
KeyError: 'HelloAliber'

During handling of the above exception, another exception occurred:

Traceback (most recent call last):
  File "C:\Anone\venv_HelloAliber\lib\site-packages\django\core\handlers\exception.py", line 34, in inner
    response = get_response(request)
  File "C:\Anone\venv_HelloAliber\lib\site-packages\django\core\handlers\base.py", line 115, in _get_response
    response = self.process_exception_by_middleware(e, request)
  File "C:\Anone\venv_HelloAliber\lib\site-packages\django\core\handlers\base.py", line 113, in _get_response
    response = wrapped_callback(request, *callback_args, **callback_kwargs)
  File "C:\Anone\venv_HelloAliber\lib\site-packages\django\views\generic\base.py", line 71, in view
    return self.dispatch(request, *args, **kwargs)
  File "C:\Anone\venv_HelloAliber\lib\site-packages\django\utils\decorators.py", line 43, in _wrapper
    return bound_method(*args, **kwargs)
  File "C:\Anone\venv_HelloAliber\lib\site-packages\django\views\decorators\debug.py", line 76, in sensitive_post_parameters_wrapper
    return view(request, *args, **kwargs)
  File "C:\Anone\venv_HelloAliber\lib\site-packages\allauth\account\views.py", line 138, in dispatch
    return super(LoginView, self).dispatch(request, *args, **kwargs)
  File "C:\Anone\venv_HelloAliber\lib\site-packages\allauth\account\views.py", line 78, in dispatch
    response = super(RedirectAuthenticatedUserMixin,
  File "C:\Anone\venv_HelloAliber\lib\site-packages\django\views\generic\base.py", line 97, in dispatch
    return handler(request, *args, **kwargs)
  File "C:\Anone\venv_HelloAliber\lib\site-packages\allauth\account\views.py", line 104, in post
    response = self.form_valid(form)
  File "C:\Anone\venv_HelloAliber\lib\site-packages\allauth\account\views.py", line 151, in form_valid
    return form.login(self.request, redirect_url=success_url)
  File "C:\Anone\venv_HelloAliber\lib\site-packages\allauth\account\forms.py", line 195, in login
    ret = perform_login(request, self.user,
  File "C:\Anone\venv_HelloAliber\lib\site-packages\allauth\account\utils.py", line 161, in perform_login
    get_login_redirect_url(request, redirect_url))
  File "C:\Anone\venv_HelloAliber\lib\site-packages\allauth\account\utils.py", line 60, in get_login_redirect_url
    get_adapter(request).get_login_redirect_url(request))
  File "C:\Anone\venv_HelloAliber\lib\site-packages\allauth\account\adapter.py", line 153, in get_login_redirect_url
    return resolve_url(url)
  File "C:\Anone\venv_HelloAliber\lib\site-packages\django\shortcuts.py", line 131, in resolve_url
    return reverse(to, args=args, kwargs=kwargs)
  File "C:\Anone\venv_HelloAliber\lib\site-packages\django\urls\base.py", line 83, in reverse
    raise NoReverseMatch("%s is not a registered namespace" % key)
django.urls.exceptions.NoReverseMatch: 'HelloAliber' is not a registered namespace
[ERROR]	asctime:2020-08-17 13:19:28,536	module:basehttp	message:"POST /accounts/login/ HTTP/1.1" 500 148019	process:7548	thread:4296
[INFO]	asctime:2020-08-17 13:19:35,974	module:basehttp	message:"GET / HTTP/1.1" 200 9247	process:7548	thread:4296
[INFO]	asctime:2020-08-17 13:19:38,125	module:basehttp	message:"GET /employee_list HTTP/1.1" 200 12343	process:7548	thread:4296
[INFO]	asctime:2020-08-17 14:03:46,518	module:autoreload	message:Watching for file changes with StatReloader	process:9268	thread:6280
[INFO]	asctime:2020-08-17 14:07:24,289	module:basehttp	message:"GET / HTTP/1.1" 200 9250	process:9268	thread:4832
[INFO]	asctime:2020-08-17 14:07:26,244	module:basehttp	message:"GET /accounts/login/ HTTP/1.1" 200 12304	process:9268	thread:4832
[INFO]	asctime:2020-08-17 14:07:27,557	module:basehttp	message:"GET /accounts/password/reset/ HTTP/1.1" 200 12003	process:9268	thread:4832
[INFO]	asctime:2020-08-17 18:26:03,602	module:autoreload	message:Watching for file changes with StatReloader	process:4380	thread:15668
[INFO]	asctime:2020-08-17 18:40:51,721	module:autoreload	message:Watching for file changes with StatReloader	process:12100	thread:10496
[WARNING]	asctime:2020-08-17 18:41:09,617	module:log	message:Not Found: /accounts/password_reset	process:12100	thread:15396
[WARNING]	asctime:2020-08-17 18:41:09,618	module:basehttp	message:"GET /accounts/password_reset HTTP/1.1" 404 14842	process:12100	thread:15396
[ERROR]	asctime:2020-08-17 18:43:15,841	module:log	message:Internal Server Error: /	process:12100	thread:15396
Traceback (most recent call last):
  File "C:\Anone\venv_HelloAliber\lib\site-packages\django\urls\base.py", line 72, in reverse
    extra, resolver = resolver.namespace_dict[ns]
KeyError: 'accounts'

During handling of the above exception, another exception occurred:

Traceback (most recent call last):
  File "C:\Anone\venv_HelloAliber\lib\site-packages\django\core\handlers\exception.py", line 34, in inner
    response = get_response(request)
  File "C:\Anone\venv_HelloAliber\lib\site-packages\django\core\handlers\base.py", line 145, in _get_response
    response = self.process_exception_by_middleware(e, request)
  File "C:\Anone\venv_HelloAliber\lib\site-packages\django\core\handlers\base.py", line 143, in _get_response
    response = response.render()
  File "C:\Anone\venv_HelloAliber\lib\site-packages\django\template\response.py", line 105, in render
    self.content = self.rendered_content
  File "C:\Anone\venv_HelloAliber\lib\site-packages\django\template\response.py", line 83, in rendered_content
    return template.render(context, self._request)
  File "C:\Anone\venv_HelloAliber\lib\site-packages\django\template\backends\django.py", line 61, in render
    return self.template.render(context)
  File "C:\Anone\venv_HelloAliber\lib\site-packages\django\template\base.py", line 171, in render
    return self._render(context)
  File "C:\Anone\venv_HelloAliber\lib\site-packages\django\test\utils.py", line 95, in instrumented_test_render
    return self.nodelist.render(context)
  File "C:\Anone\venv_HelloAliber\lib\site-packages\django\template\base.py", line 936, in render
    bit = node.render_annotated(context)
  File "C:\Anone\venv_HelloAliber\lib\site-packages\django\template\base.py", line 903, in render_annotated
    return self.render(context)
  File "C:\Anone\venv_HelloAliber\lib\site-packages\django\template\defaulttags.py", line 443, in render
    url = reverse(view_name, args=args, kwargs=kwargs, current_app=current_app)
  File "C:\Anone\venv_HelloAliber\lib\site-packages\django\urls\base.py", line 83, in reverse
    raise NoReverseMatch("%s is not a registered namespace" % key)
django.urls.exceptions.NoReverseMatch: 'accounts' is not a registered namespace
[ERROR]	asctime:2020-08-17 18:43:15,873	module:basehttp	message:"GET / HTTP/1.1" 500 127567	process:12100	thread:15396
[INFO]	asctime:2020-08-17 18:44:16,850	module:autoreload	message:C:\Anone\venv_HelloAliber\HelloAliber\HelloAliber\urls.py changed, reloading.	process:12100	thread:10496
[INFO]	asctime:2020-08-17 18:44:18,097	module:autoreload	message:Watching for file changes with StatReloader	process:11980	thread:7776
[INFO]	asctime:2020-08-17 18:46:12,134	module:autoreload	message:Watching for file changes with StatReloader	process:14640	thread:8368
[INFO]	asctime:2020-08-17 18:46:25,871	module:autoreload	message:Watching for file changes with StatReloader	process:5108	thread:1412
[INFO]	asctime:2020-08-17 18:46:57,899	module:autoreload	message:Watching for file changes with StatReloader	process:2676	thread:15708
[INFO]	asctime:2020-08-17 18:48:44,061	module:autoreload	message:Watching for file changes with StatReloader	process:7492	thread:3040
[INFO]	asctime:2020-08-17 18:55:02,050	module:autoreload	message:Watching for file changes with StatReloader	process:16140	thread:7268
[INFO]	asctime:2020-08-17 18:57:42,909	module:autoreload	message:Watching for file changes with StatReloader	process:7440	thread:15788
[INFO]	asctime:2020-08-17 19:02:45,491	module:autoreload	message:C:\Anone\venv_HelloAliber\HelloAliber\profile_app\views.py changed, reloading.	process:7440	thread:15788
[INFO]	asctime:2020-08-17 19:02:46,790	module:autoreload	message:Watching for file changes with StatReloader	process:9736	thread:10116
[INFO]	asctime:2020-08-17 19:10:40,658	module:autoreload	message:C:\Anone\venv_HelloAliber\HelloAliber\profile_app\views.py changed, reloading.	process:9736	thread:10116
[INFO]	asctime:2020-08-17 19:10:41,946	module:autoreload	message:Watching for file changes with StatReloader	process:9872	thread:11176
[INFO]	asctime:2020-08-17 19:10:45,236	module:autoreload	message:Watching for file changes with StatReloader	process:13400	thread:14372
[INFO]	asctime:2020-08-17 19:11:07,167	module:autoreload	message:C:\Anone\venv_HelloAliber\HelloAliber\profile_app\views.py changed, reloading.	process:13400	thread:14372
[INFO]	asctime:2020-08-17 19:11:08,491	module:autoreload	message:Watching for file changes with StatReloader	process:11032	thread:11524
[ERROR]	asctime:2020-08-17 19:11:18,975	module:log	message:Internal Server Error: /	process:11032	thread:15880
Traceback (most recent call last):
  File "C:\Anone\venv_HelloAliber\lib\site-packages\django\urls\base.py", line 72, in reverse
    extra, resolver = resolver.namespace_dict[ns]
KeyError: 'accounts'

During handling of the above exception, another exception occurred:

Traceback (most recent call last):
  File "C:\Anone\venv_HelloAliber\lib\site-packages\django\core\handlers\exception.py", line 34, in inner
    response = get_response(request)
  File "C:\Anone\venv_HelloAliber\lib\site-packages\django\core\handlers\base.py", line 145, in _get_response
    response = self.process_exception_by_middleware(e, request)
  File "C:\Anone\venv_HelloAliber\lib\site-packages\django\core\handlers\base.py", line 143, in _get_response
    response = response.render()
  File "C:\Anone\venv_HelloAliber\lib\site-packages\django\template\response.py", line 105, in render
    self.content = self.rendered_content
  File "C:\Anone\venv_HelloAliber\lib\site-packages\django\template\response.py", line 83, in rendered_content
    return template.render(context, self._request)
  File "C:\Anone\venv_HelloAliber\lib\site-packages\django\template\backends\django.py", line 61, in render
    return self.template.render(context)
  File "C:\Anone\venv_HelloAliber\lib\site-packages\django\template\base.py", line 171, in render
    return self._render(context)
  File "C:\Anone\venv_HelloAliber\lib\site-packages\django\test\utils.py", line 95, in instrumented_test_render
    return self.nodelist.render(context)
  File "C:\Anone\venv_HelloAliber\lib\site-packages\django\template\base.py", line 936, in render
    bit = node.render_annotated(context)
  File "C:\Anone\venv_HelloAliber\lib\site-packages\django\template\base.py", line 903, in render_annotated
    return self.render(context)
  File "C:\Anone\venv_HelloAliber\lib\site-packages\django\template\defaulttags.py", line 443, in render
    url = reverse(view_name, args=args, kwargs=kwargs, current_app=current_app)
  File "C:\Anone\venv_HelloAliber\lib\site-packages\django\urls\base.py", line 83, in reverse
    raise NoReverseMatch("%s is not a registered namespace" % key)
django.urls.exceptions.NoReverseMatch: 'accounts' is not a registered namespace
[ERROR]	asctime:2020-08-17 19:11:19,003	module:basehttp	message:"GET / HTTP/1.1" 500 127704	process:11032	thread:15880
[ERROR]	asctime:2020-08-17 19:12:11,072	module:log	message:Internal Server Error: /	process:11032	thread:15880
Traceback (most recent call last):
  File "C:\Anone\venv_HelloAliber\lib\site-packages\django\core\handlers\exception.py", line 34, in inner
    response = get_response(request)
  File "C:\Anone\venv_HelloAliber\lib\site-packages\django\core\handlers\base.py", line 145, in _get_response
    response = self.process_exception_by_middleware(e, request)
  File "C:\Anone\venv_HelloAliber\lib\site-packages\django\core\handlers\base.py", line 143, in _get_response
    response = response.render()
  File "C:\Anone\venv_HelloAliber\lib\site-packages\django\template\response.py", line 105, in render
    self.content = self.rendered_content
  File "C:\Anone\venv_HelloAliber\lib\site-packages\django\template\response.py", line 83, in rendered_content
    return template.render(context, self._request)
  File "C:\Anone\venv_HelloAliber\lib\site-packages\django\template\backends\django.py", line 61, in render
    return self.template.render(context)
  File "C:\Anone\venv_HelloAliber\lib\site-packages\django\template\base.py", line 171, in render
    return self._render(context)
  File "C:\Anone\venv_HelloAliber\lib\site-packages\django\test\utils.py", line 95, in instrumented_test_render
    return self.nodelist.render(context)
  File "C:\Anone\venv_HelloAliber\lib\site-packages\django\template\base.py", line 936, in render
    bit = node.render_annotated(context)
  File "C:\Anone\venv_HelloAliber\lib\site-packages\django\template\base.py", line 903, in render_annotated
    return self.render(context)
  File "C:\Anone\venv_HelloAliber\lib\site-packages\django\template\defaulttags.py", line 443, in render
    url = reverse(view_name, args=args, kwargs=kwargs, current_app=current_app)
  File "C:\Anone\venv_HelloAliber\lib\site-packages\django\urls\base.py", line 87, in reverse
    return iri_to_uri(resolver._reverse_with_prefix(view, prefix, *args, **kwargs))
  File "C:\Anone\venv_HelloAliber\lib\site-packages\django\urls\resolvers.py", line 677, in _reverse_with_prefix
    raise NoReverseMatch(msg)
django.urls.exceptions.NoReverseMatch: Reverse for 'account_password_reset' not found. 'account_password_reset' is not a valid view function or pattern name.
[ERROR]	asctime:2020-08-17 19:12:11,096	module:basehttp	message:"GET / HTTP/1.1" 500 126075	process:11032	thread:15880
[ERROR]	asctime:2020-08-17 19:13:15,339	module:log	message:Internal Server Error: /	process:11032	thread:15880
Traceback (most recent call last):
  File "C:\Anone\venv_HelloAliber\lib\site-packages\django\urls\base.py", line 72, in reverse
    extra, resolver = resolver.namespace_dict[ns]
KeyError: 'account'

During handling of the above exception, another exception occurred:

Traceback (most recent call last):
  File "C:\Anone\venv_HelloAliber\lib\site-packages\django\core\handlers\exception.py", line 34, in inner
    response = get_response(request)
  File "C:\Anone\venv_HelloAliber\lib\site-packages\django\core\handlers\base.py", line 145, in _get_response
    response = self.process_exception_by_middleware(e, request)
  File "C:\Anone\venv_HelloAliber\lib\site-packages\django\core\handlers\base.py", line 143, in _get_response
    response = response.render()
  File "C:\Anone\venv_HelloAliber\lib\site-packages\django\template\response.py", line 105, in render
    self.content = self.rendered_content
  File "C:\Anone\venv_HelloAliber\lib\site-packages\django\template\response.py", line 83, in rendered_content
    return template.render(context, self._request)
  File "C:\Anone\venv_HelloAliber\lib\site-packages\django\template\backends\django.py", line 61, in render
    return self.template.render(context)
  File "C:\Anone\venv_HelloAliber\lib\site-packages\django\template\base.py", line 171, in render
    return self._render(context)
  File "C:\Anone\venv_HelloAliber\lib\site-packages\django\test\utils.py", line 95, in instrumented_test_render
    return self.nodelist.render(context)
  File "C:\Anone\venv_HelloAliber\lib\site-packages\django\template\base.py", line 936, in render
    bit = node.render_annotated(context)
  File "C:\Anone\venv_HelloAliber\lib\site-packages\django\template\base.py", line 903, in render_annotated
    return self.render(context)
  File "C:\Anone\venv_HelloAliber\lib\site-packages\django\template\defaulttags.py", line 443, in render
    url = reverse(view_name, args=args, kwargs=kwargs, current_app=current_app)
  File "C:\Anone\venv_HelloAliber\lib\site-packages\django\urls\base.py", line 83, in reverse
    raise NoReverseMatch("%s is not a registered namespace" % key)
django.urls.exceptions.NoReverseMatch: 'account' is not a registered namespace
[ERROR]	asctime:2020-08-17 19:13:15,382	module:basehttp	message:"GET / HTTP/1.1" 500 127712	process:11032	thread:15880
[ERROR]	asctime:2020-08-17 19:13:33,752	module:log	message:Internal Server Error: /	process:11032	thread:15880
Traceback (most recent call last):
  File "C:\Anone\venv_HelloAliber\lib\site-packages\django\urls\base.py", line 72, in reverse
    extra, resolver = resolver.namespace_dict[ns]
KeyError: 'account'

During handling of the above exception, another exception occurred:

Traceback (most recent call last):
  File "C:\Anone\venv_HelloAliber\lib\site-packages\django\core\handlers\exception.py", line 34, in inner
    response = get_response(request)
  File "C:\Anone\venv_HelloAliber\lib\site-packages\django\core\handlers\base.py", line 145, in _get_response
    response = self.process_exception_by_middleware(e, request)
  File "C:\Anone\venv_HelloAliber\lib\site-packages\django\core\handlers\base.py", line 143, in _get_response
    response = response.render()
  File "C:\Anone\venv_HelloAliber\lib\site-packages\django\template\response.py", line 105, in render
    self.content = self.rendered_content
  File "C:\Anone\venv_HelloAliber\lib\site-packages\django\template\response.py", line 83, in rendered_content
    return template.render(context, self._request)
  File "C:\Anone\venv_HelloAliber\lib\site-packages\django\template\backends\django.py", line 61, in render
    return self.template.render(context)
  File "C:\Anone\venv_HelloAliber\lib\site-packages\django\template\base.py", line 171, in render
    return self._render(context)
  File "C:\Anone\venv_HelloAliber\lib\site-packages\django\test\utils.py", line 95, in instrumented_test_render
    return self.nodelist.render(context)
  File "C:\Anone\venv_HelloAliber\lib\site-packages\django\template\base.py", line 936, in render
    bit = node.render_annotated(context)
  File "C:\Anone\venv_HelloAliber\lib\site-packages\django\template\base.py", line 903, in render_annotated
    return self.render(context)
  File "C:\Anone\venv_HelloAliber\lib\site-packages\django\template\defaulttags.py", line 443, in render
    url = reverse(view_name, args=args, kwargs=kwargs, current_app=current_app)
  File "C:\Anone\venv_HelloAliber\lib\site-packages\django\urls\base.py", line 83, in reverse
    raise NoReverseMatch("%s is not a registered namespace" % key)
django.urls.exceptions.NoReverseMatch: 'account' is not a registered namespace
[ERROR]	asctime:2020-08-17 19:13:33,778	module:basehttp	message:"GET / HTTP/1.1" 500 127686	process:11032	thread:15880
[INFO]	asctime:2020-08-17 19:14:30,113	module:basehttp	message:"GET / HTTP/1.1" 200 9322	process:11032	thread:15880
[INFO]	asctime:2020-08-17 19:14:31,851	module:basehttp	message:"GET /accounts/password/reset/ HTTP/1.1" 200 11232	process:11032	thread:15880
[INFO]	asctime:2020-08-17 19:15:15,403	module:basehttp	message:"GET /accounts/password/reset/ HTTP/1.1" 200 11232	process:11032	thread:15880
[INFO]	asctime:2020-08-17 19:15:44,763	module:basehttp	message:"GET /accounts/password/reset/ HTTP/1.1" 200 12003	process:11032	thread:15880
[INFO]	asctime:2020-08-17 19:16:41,581	module:basehttp	message:"GET /accounts/password/reset/ HTTP/1.1" 200 12003	process:11032	thread:15880
[INFO]	asctime:2020-08-17 19:16:53,891	module:basehttp	message:"GET /static/vendor/bootstrap/js/bootstrap.bundle.min.js.map HTTP/1.1" 200 311949	process:11032	thread:15880
[INFO]	asctime:2020-08-17 19:16:53,926	module:basehttp	message:"GET /static/vendor/bootstrap/css/bootstrap.min.css.map HTTP/1.1" 200 625953	process:11032	thread:15880
[INFO]	asctime:2020-08-17 19:18:56,772	module:basehttp	message:"GET /accounts/password/reset/ HTTP/1.1" 200 12003	process:11032	thread:15880
[INFO]	asctime:2020-08-17 19:18:58,539	module:basehttp	message:"GET /accounts/password/reset/ HTTP/1.1" 200 12003	process:11032	thread:15880
[INFO]	asctime:2020-08-17 19:19:02,158	module:basehttp	message:"GET /accounts/password/reset/ HTTP/1.1" 200 12003	process:11032	thread:15880
[INFO]	asctime:2020-08-17 19:19:10,902	module:autoreload	message:Watching for file changes with StatReloader	process:4372	thread:8576
[INFO]	asctime:2020-08-17 19:19:13,241	module:basehttp	message:"GET /accounts/password/reset/ HTTP/1.1" 200 12003	process:4372	thread:1312
[INFO]	asctime:2020-08-17 19:19:31,758	module:basehttp	message:"GET /accounts/password/reset/ HTTP/1.1" 200 12003	process:4372	thread:1312
[INFO]	asctime:2020-08-17 19:19:33,022	module:basehttp	message:"GET /accounts/password/reset/ HTTP/1.1" 200 12003	process:4372	thread:1312
[INFO]	asctime:2020-08-17 19:19:36,458	module:basehttp	message:"GET /accounts/password/reset/ HTTP/1.1" 200 12003	process:4372	thread:1312
[INFO]	asctime:2020-08-17 19:19:43,691	module:autoreload	message:Watching for file changes with StatReloader	process:2224	thread:15528
[INFO]	asctime:2020-08-17 19:19:48,089	module:basehttp	message:"GET /accounts/password/reset/ HTTP/1.1" 200 12003	process:2224	thread:2692
[INFO]	asctime:2020-08-17 19:19:50,604	module:basehttp	message:"GET / HTTP/1.1" 200 9326	process:2224	thread:2692
[INFO]	asctime:2020-08-17 19:19:51,841	module:basehttp	message:"GET /accounts/password/reset/ HTTP/1.1" 200 12003	process:2224	thread:2692
[INFO]	asctime:2020-08-17 19:27:52,238	module:basehttp	message:"GET /accounts/password/reset/ HTTP/1.1" 200 12003	process:2224	thread:15220
[INFO]	asctime:2020-08-17 19:27:55,024	module:basehttp	message:"GET / HTTP/1.1" 200 9326	process:2224	thread:15220
[INFO]	asctime:2020-08-17 19:27:56,055	module:basehttp	message:"GET /accounts/password/reset/ HTTP/1.1" 200 12003	process:2224	thread:15220
[INFO]	asctime:2020-08-17 19:28:42,707	module:basehttp	message:"GET / HTTP/1.1" 200 9326	process:2224	thread:15220
[INFO]	asctime:2020-08-17 19:28:44,457	module:basehttp	message:"GET /accounts/password/reset/ HTTP/1.1" 200 12003	process:2224	thread:15220
[INFO]	asctime:2020-08-17 19:30:24,041	module:autoreload	message:Watching for file changes with StatReloader	process:14812	thread:3712
[INFO]	asctime:2020-08-17 19:30:27,668	module:basehttp	message:"GET /accounts/password/reset/ HTTP/1.1" 200 12003	process:14812	thread:7940
[INFO]	asctime:2020-08-17 19:31:58,202	module:basehttp	message:"GET /__debug__/render_panel/?store_id=c93009eb7cb2463a91e5799dadd355a5&panel_id=TemplatesPanel HTTP/1.1" 200 5247	process:14812	thread:7940
[INFO]	asctime:2020-08-17 19:31:58,203	module:basehttp	message:"GET /static/debug_toolbar/img/indicator.png HTTP/1.1" 200 436	process:14812	thread:16100
[INFO]	asctime:2020-08-17 19:31:58,204	module:basehttp	message:"GET /static/debug_toolbar/img/close.png HTTP/1.1" 200 498	process:14812	thread:3304
[INFO]	asctime:2020-08-17 19:37:54,372	module:basehttp	message:"GET /__debug__/render_panel/?store_id=c93009eb7cb2463a91e5799dadd355a5&panel_id=RequestPanel HTTP/1.1" 200 1017	process:14812	thread:1196
[INFO]	asctime:2020-08-17 19:37:59,152	module:basehttp	message:"GET /__debug__/render_panel/?store_id=c93009eb7cb2463a91e5799dadd355a5&panel_id=VersionsPanel HTTP/1.1" 200 678	process:14812	thread:1196
[INFO]	asctime:2020-08-17 19:38:06,337	module:basehttp	message:"GET /__debug__/render_panel/?store_id=c93009eb7cb2463a91e5799dadd355a5&panel_id=SettingsPanel HTTP/1.1" 200 26920	process:14812	thread:1196
[INFO]	asctime:2020-08-17 19:38:11,247	module:basehttp	message:"GET /__debug__/render_panel/?store_id=c93009eb7cb2463a91e5799dadd355a5&panel_id=HeadersPanel HTTP/1.1" 200 3483	process:14812	thread:1196
[INFO]	asctime:2020-08-17 19:38:50,129	module:basehttp	message:"GET /__debug__/render_panel/?store_id=c93009eb7cb2463a91e5799dadd355a5&panel_id=SQLPanel HTTP/1.1" 200 132	process:14812	thread:1196
[INFO]	asctime:2020-08-17 19:38:51,677	module:basehttp	message:"GET /__debug__/render_panel/?store_id=c93009eb7cb2463a91e5799dadd355a5&panel_id=StaticFilesPanel HTTP/1.1" 200 38014	process:14812	thread:1196
[INFO]	asctime:2020-08-17 19:39:41,852	module:basehttp	message:"GET /__debug__/render_panel/?store_id=c93009eb7cb2463a91e5799dadd355a5&panel_id=CachePanel HTTP/1.1" 200 811	process:14812	thread:1196
[INFO]	asctime:2020-08-17 19:39:44,684	module:basehttp	message:"GET /__debug__/render_panel/?store_id=c93009eb7cb2463a91e5799dadd355a5&panel_id=SignalsPanel HTTP/1.1" 200 1672	process:14812	thread:1196
[INFO]	asctime:2020-08-17 19:39:56,635	module:basehttp	message:"GET /__debug__/render_panel/?store_id=c93009eb7cb2463a91e5799dadd355a5&panel_id=LoggingPanel HTTP/1.1" 200 32	process:14812	thread:1196
[INFO]	asctime:2020-08-17 19:41:26,759	module:basehttp	message:"POST /accounts/password/reset/ HTTP/1.1" 200 12151	process:14812	thread:1196
[INFO]	asctime:2020-08-17 19:41:44,569	module:basehttp	message:"GET /__debug__/render_panel/?store_id=3cca78adf3824678a535b31adbe6839e&panel_id=SQLPanel HTTP/1.1" 200 16487	process:14812	thread:1196
[INFO]	asctime:2020-08-17 19:42:50,828	module:basehttp	message:"GET /__debug__/render_panel/?store_id=3cca78adf3824678a535b31adbe6839e&panel_id=TemplatesPanel HTTP/1.1" 200 5236	process:14812	thread:1196
[INFO]	asctime:2020-08-17 19:43:16,572	module:basehttp	message:"GET /static/debug_toolbar/img/close_hover.png HTTP/1.1" 200 706	process:14812	thread:1196
[INFO]	asctime:2020-08-17 19:43:58,923	module:basehttp	message:"POST /accounts/password/reset/ HTTP/1.1" 200 12151	process:14812	thread:1196
[INFO]	asctime:2020-08-17 19:46:45,372	module:autoreload	message:C:\Anone\venv_HelloAliber\Lib\site-packages\allauth\account\forms.py changed, reloading.	process:14812	thread:3712
[INFO]	asctime:2020-08-17 19:46:46,656	module:autoreload	message:Watching for file changes with StatReloader	process:2068	thread:4108
[INFO]	asctime:2020-08-17 19:46:48,246	module:basehttp	message:"POST /accounts/password/reset/ HTTP/1.1" 200 12323	process:2068	thread:8640
[INFO]	asctime:2020-08-17 19:51:24,741	module:autoreload	message:C:\Anone\venv_HelloAliber\HelloAliber\HelloAliber\settings_common.py changed, reloading.	process:2068	thread:4108
[INFO]	asctime:2020-08-17 19:51:26,102	module:autoreload	message:Watching for file changes with StatReloader	process:13684	thread:14544
[INFO]	asctime:2020-08-17 19:52:04,623	module:autoreload	message:C:\Anone\venv_HelloAliber\HelloAliber\HelloAliber\settings_common.py changed, reloading.	process:13684	thread:14544
[INFO]	asctime:2020-08-17 19:52:05,876	module:autoreload	message:Watching for file changes with StatReloader	process:11164	thread:6860
[ERROR]	asctime:2020-08-17 19:52:06,586	module:log	message:Internal Server Error: /accounts/password/reset/	process:11164	thread:1492
Traceback (most recent call last):
  File "C:\Anone\venv_HelloAliber\lib\site-packages\django\core\handlers\exception.py", line 34, in inner
    response = get_response(request)
  File "C:\Anone\venv_HelloAliber\lib\site-packages\django\core\handlers\base.py", line 115, in _get_response
    response = self.process_exception_by_middleware(e, request)
  File "C:\Anone\venv_HelloAliber\lib\site-packages\django\core\handlers\base.py", line 113, in _get_response
    response = wrapped_callback(request, *callback_args, **callback_kwargs)
  File "C:\Anone\venv_HelloAliber\lib\site-packages\django\views\generic\base.py", line 71, in view
    return self.dispatch(request, *args, **kwargs)
  File "C:\Anone\venv_HelloAliber\lib\site-packages\django\views\generic\base.py", line 97, in dispatch
    return handler(request, *args, **kwargs)
  File "C:\Anone\venv_HelloAliber\lib\site-packages\allauth\account\views.py", line 101, in post
    form_class = self.get_form_class()
  File "C:\Anone\venv_HelloAliber\lib\site-packages\allauth\account\views.py", line 640, in get_form_class
    return get_form_class(app_settings.FORMS,
  File "C:\Anone\venv_HelloAliber\lib\site-packages\allauth\utils.py", line 302, in get_form_class
    form_class = import_attribute(form_class)
  File "C:\Anone\venv_HelloAliber\lib\site-packages\allauth\utils.py", line 152, in import_attribute
    ret = getattr(importlib.import_module(pkg), attr)
  File "C:\Users\Aliber-ning_wen\AppData\Local\Programs\Python\Python38-32\lib\importlib\__init__.py", line 127, in import_module
    return _bootstrap._gcd_import(name[level:], package, level)
  File "<frozen importlib._bootstrap>", line 1014, in _gcd_import
  File "<frozen importlib._bootstrap>", line 991, in _find_and_load
  File "<frozen importlib._bootstrap>", line 975, in _find_and_load_unlocked
  File "<frozen importlib._bootstrap>", line 671, in _load_unlocked
  File "<frozen importlib._bootstrap_external>", line 783, in exec_module
  File "<frozen importlib._bootstrap>", line 219, in _call_with_frames_removed
  File "C:\Anone\venv_HelloAliber\HelloAliber\accounts\forms.py", line 13, in <module>
    from ..utils import (
ValueError: attempted relative import beyond top-level package
[ERROR]	asctime:2020-08-17 19:52:06,628	module:basehttp	message:"POST /accounts/password/reset/ HTTP/1.1" 500 139675	process:11164	thread:1492
[INFO]	asctime:2020-08-17 20:00:33,582	module:autoreload	message:Watching for file changes with StatReloader	process:13552	thread:10188
[ERROR]	asctime:2020-08-17 20:00:37,544	module:log	message:Internal Server Error: /accounts/password/reset/	process:13552	thread:9356
Traceback (most recent call last):
  File "C:\Anone\venv_HelloAliber\lib\site-packages\django\core\handlers\exception.py", line 34, in inner
    response = get_response(request)
  File "C:\Anone\venv_HelloAliber\lib\site-packages\django\core\handlers\base.py", line 115, in _get_response
    response = self.process_exception_by_middleware(e, request)
  File "C:\Anone\venv_HelloAliber\lib\site-packages\django\core\handlers\base.py", line 113, in _get_response
    response = wrapped_callback(request, *callback_args, **callback_kwargs)
  File "C:\Anone\venv_HelloAliber\lib\site-packages\django\views\generic\base.py", line 71, in view
    return self.dispatch(request, *args, **kwargs)
  File "C:\Anone\venv_HelloAliber\lib\site-packages\django\views\generic\base.py", line 97, in dispatch
    return handler(request, *args, **kwargs)
  File "C:\Anone\venv_HelloAliber\lib\site-packages\allauth\account\views.py", line 103, in post
    if form.is_valid():
  File "C:\Anone\venv_HelloAliber\lib\site-packages\django\forms\forms.py", line 180, in is_valid
    return self.is_bound and not self.errors
  File "C:\Anone\venv_HelloAliber\lib\site-packages\django\forms\forms.py", line 175, in errors
    self.full_clean()
  File "C:\Anone\venv_HelloAliber\lib\site-packages\django\forms\forms.py", line 376, in full_clean
    self._clean_fields()
  File "C:\Anone\venv_HelloAliber\lib\site-packages\django\forms\forms.py", line 397, in _clean_fields
    value = getattr(self, 'clean_%s' % name)()
  File "C:\Anone\venv_HelloAliber\HelloAliber\accounts\forms.py", line 33, in clean_email
    email = get_adapter().clean_email(email)
NameError: name 'get_adapter' is not defined
[ERROR]	asctime:2020-08-17 20:00:37,583	module:basehttp	message:"POST /accounts/password/reset/ HTTP/1.1" 500 112403	process:13552	thread:9356
[INFO]	asctime:2020-08-17 20:09:35,599	module:autoreload	message:Watching for file changes with StatReloader	process:11068	thread:16368
[ERROR]	asctime:2020-08-17 20:09:39,955	module:log	message:Internal Server Error: /accounts/password/reset/	process:11068	thread:14388
Traceback (most recent call last):
  File "C:\Anone\venv_HelloAliber\lib\site-packages\django\core\handlers\exception.py", line 34, in inner
    response = get_response(request)
  File "C:\Anone\venv_HelloAliber\lib\site-packages\django\core\handlers\base.py", line 115, in _get_response
    response = self.process_exception_by_middleware(e, request)
  File "C:\Anone\venv_HelloAliber\lib\site-packages\django\core\handlers\base.py", line 113, in _get_response
    response = wrapped_callback(request, *callback_args, **callback_kwargs)
  File "C:\Anone\venv_HelloAliber\lib\site-packages\django\views\generic\base.py", line 71, in view
    return self.dispatch(request, *args, **kwargs)
  File "C:\Anone\venv_HelloAliber\lib\site-packages\django\views\generic\base.py", line 97, in dispatch
    return handler(request, *args, **kwargs)
  File "C:\Anone\venv_HelloAliber\lib\site-packages\allauth\account\views.py", line 101, in post
    form_class = self.get_form_class()
  File "C:\Anone\venv_HelloAliber\lib\site-packages\allauth\account\views.py", line 640, in get_form_class
    return get_form_class(app_settings.FORMS,
  File "C:\Anone\venv_HelloAliber\lib\site-packages\allauth\utils.py", line 302, in get_form_class
    form_class = import_attribute(form_class)
  File "C:\Anone\venv_HelloAliber\lib\site-packages\allauth\utils.py", line 152, in import_attribute
    ret = getattr(importlib.import_module(pkg), attr)
AttributeError: module 'accounts.forms' has no attribute 'ResetPasswordForm'
[ERROR]	asctime:2020-08-17 20:09:40,005	module:basehttp	message:"POST /accounts/password/reset/ HTTP/1.1" 500 105136	process:11068	thread:14388
[INFO]	asctime:2020-08-17 20:10:09,541	module:autoreload	message:C:\Anone\venv_HelloAliber\HelloAliber\HelloAliber\settings_common.py changed, reloading.	process:11068	thread:16368
[INFO]	asctime:2020-08-17 20:10:10,795	module:autoreload	message:Watching for file changes with StatReloader	process:14668	thread:11364
[ERROR]	asctime:2020-08-17 20:10:11,320	module:log	message:Internal Server Error: /accounts/password/reset/	process:14668	thread:1340
Traceback (most recent call last):
  File "C:\Anone\venv_HelloAliber\lib\site-packages\django\core\handlers\exception.py", line 34, in inner
    response = get_response(request)
  File "C:\Anone\venv_HelloAliber\lib\site-packages\django\core\handlers\base.py", line 115, in _get_response
    response = self.process_exception_by_middleware(e, request)
  File "C:\Anone\venv_HelloAliber\lib\site-packages\django\core\handlers\base.py", line 113, in _get_response
    response = wrapped_callback(request, *callback_args, **callback_kwargs)
  File "C:\Anone\venv_HelloAliber\lib\site-packages\django\views\generic\base.py", line 71, in view
    return self.dispatch(request, *args, **kwargs)
  File "C:\Anone\venv_HelloAliber\lib\site-packages\django\views\generic\base.py", line 97, in dispatch
    return handler(request, *args, **kwargs)
  File "C:\Anone\venv_HelloAliber\lib\site-packages\allauth\account\views.py", line 103, in post
    if form.is_valid():
  File "C:\Anone\venv_HelloAliber\lib\site-packages\django\forms\forms.py", line 180, in is_valid
    return self.is_bound and not self.errors
  File "C:\Anone\venv_HelloAliber\lib\site-packages\django\forms\forms.py", line 175, in errors
    self.full_clean()
  File "C:\Anone\venv_HelloAliber\lib\site-packages\django\forms\forms.py", line 376, in full_clean
    self._clean_fields()
  File "C:\Anone\venv_HelloAliber\lib\site-packages\django\forms\forms.py", line 397, in _clean_fields
    value = getattr(self, 'clean_%s' % name)()
  File "C:\Anone\venv_HelloAliber\HelloAliber\accounts\forms.py", line 25, in clean_email
    last_name = self.cleaned_data["last_name"]
KeyError: 'last_name'
[ERROR]	asctime:2020-08-17 20:10:11,363	module:basehttp	message:"POST /accounts/password/reset/ HTTP/1.1" 500 112304	process:14668	thread:1340
[INFO]	asctime:2020-08-17 20:13:39,420	module:autoreload	message:C:\Anone\venv_HelloAliber\HelloAliber\accounts\forms.py changed, reloading.	process:14668	thread:11364
[INFO]	asctime:2020-08-17 20:13:40,734	module:autoreload	message:Watching for file changes with StatReloader	process:7616	thread:9704
[ERROR]	asctime:2020-08-17 20:13:41,440	module:log	message:Internal Server Error: /accounts/password/reset/	process:7616	thread:11848
Traceback (most recent call last):
  File "C:\Anone\venv_HelloAliber\lib\site-packages\django\core\handlers\exception.py", line 34, in inner
    response = get_response(request)
  File "C:\Anone\venv_HelloAliber\lib\site-packages\django\core\handlers\base.py", line 115, in _get_response
    response = self.process_exception_by_middleware(e, request)
  File "C:\Anone\venv_HelloAliber\lib\site-packages\django\core\handlers\base.py", line 113, in _get_response
    response = wrapped_callback(request, *callback_args, **callback_kwargs)
  File "C:\Anone\venv_HelloAliber\lib\site-packages\django\views\generic\base.py", line 71, in view
    return self.dispatch(request, *args, **kwargs)
  File "C:\Anone\venv_HelloAliber\lib\site-packages\django\views\generic\base.py", line 97, in dispatch
    return handler(request, *args, **kwargs)
  File "C:\Anone\venv_HelloAliber\lib\site-packages\allauth\account\views.py", line 102, in post
    form = self.get_form(form_class)
  File "C:\Anone\venv_HelloAliber\lib\site-packages\allauth\account\views.py", line 113, in get_form
    form = super(AjaxCapableProcessFormViewMixin, self).get_form(
  File "C:\Anone\venv_HelloAliber\lib\site-packages\django\views\generic\edit.py", line 33, in get_form
    return form_class(**self.get_form_kwargs())
TypeError: __init__() got an unexpected keyword argument 'initial'
[ERROR]	asctime:2020-08-17 20:13:41,479	module:basehttp	message:"POST /accounts/password/reset/ HTTP/1.1" 500 101886	process:7616	thread:11848
[INFO]	asctime:2020-08-17 20:16:51,048	module:autoreload	message:C:\Anone\venv_HelloAliber\HelloAliber\accounts\forms.py changed, reloading.	process:7616	thread:9704
[INFO]	asctime:2020-08-17 20:16:52,476	module:autoreload	message:Watching for file changes with StatReloader	process:15160	thread:2716
[ERROR]	asctime:2020-08-17 20:16:53,645	module:log	message:Internal Server Error: /accounts/password/reset/	process:15160	thread:15304
Traceback (most recent call last):
  File "C:\Anone\venv_HelloAliber\lib\site-packages\django\core\handlers\exception.py", line 34, in inner
    response = get_response(request)
  File "C:\Anone\venv_HelloAliber\lib\site-packages\django\core\handlers\base.py", line 115, in _get_response
    response = self.process_exception_by_middleware(e, request)
  File "C:\Anone\venv_HelloAliber\lib\site-packages\django\core\handlers\base.py", line 113, in _get_response
    response = wrapped_callback(request, *callback_args, **callback_kwargs)
  File "C:\Anone\venv_HelloAliber\lib\site-packages\django\views\generic\base.py", line 71, in view
    return self.dispatch(request, *args, **kwargs)
  File "C:\Anone\venv_HelloAliber\lib\site-packages\django\views\generic\base.py", line 97, in dispatch
    return handler(request, *args, **kwargs)
  File "C:\Anone\venv_HelloAliber\lib\site-packages\allauth\account\views.py", line 103, in post
    if form.is_valid():
  File "C:\Anone\venv_HelloAliber\lib\site-packages\django\forms\forms.py", line 180, in is_valid
    return self.is_bound and not self.errors
  File "C:\Anone\venv_HelloAliber\lib\site-packages\django\forms\forms.py", line 175, in errors
    self.full_clean()
  File "C:\Anone\venv_HelloAliber\lib\site-packages\django\forms\forms.py", line 376, in full_clean
    self._clean_fields()
  File "C:\Anone\venv_HelloAliber\lib\site-packages\django\forms\forms.py", line 397, in _clean_fields
    value = getattr(self, 'clean_%s' % name)()
  File "C:\Anone\venv_HelloAliber\HelloAliber\accounts\forms.py", line 24, in clean_email
    super().clean_email()
AttributeError: 'super' object has no attribute 'clean_email'
[ERROR]	asctime:2020-08-17 20:16:53,686	module:basehttp	message:"POST /accounts/password/reset/ HTTP/1.1" 500 112542	process:15160	thread:15304
[INFO]	asctime:2020-08-17 20:17:48,128	module:autoreload	message:C:\Anone\venv_HelloAliber\Lib\site-packages\allauth\account\forms.py changed, reloading.	process:15160	thread:2716
[INFO]	asctime:2020-08-17 20:17:49,491	module:autoreload	message:Watching for file changes with StatReloader	process:8716	thread:10440
[INFO]	asctime:2020-08-17 20:20:27,212	module:autoreload	message:C:\Anone\venv_HelloAliber\Lib\site-packages\allauth\account\forms.py changed, reloading.	process:8716	thread:10440
[INFO]	asctime:2020-08-17 20:20:28,572	module:autoreload	message:Watching for file changes with StatReloader	process:11816	thread:2488
[ERROR]	asctime:2020-08-17 20:20:29,281	module:log	message:Internal Server Error: /accounts/password/reset/	process:11816	thread:12236
Traceback (most recent call last):
  File "C:\Anone\venv_HelloAliber\lib\site-packages\django\core\handlers\exception.py", line 34, in inner
    response = get_response(request)
  File "C:\Anone\venv_HelloAliber\lib\site-packages\django\core\handlers\base.py", line 115, in _get_response
    response = self.process_exception_by_middleware(e, request)
  File "C:\Anone\venv_HelloAliber\lib\site-packages\django\core\handlers\base.py", line 113, in _get_response
    response = wrapped_callback(request, *callback_args, **callback_kwargs)
  File "C:\Anone\venv_HelloAliber\lib\site-packages\django\views\generic\base.py", line 71, in view
    return self.dispatch(request, *args, **kwargs)
  File "C:\Anone\venv_HelloAliber\lib\site-packages\django\views\generic\base.py", line 97, in dispatch
    return handler(request, *args, **kwargs)
  File "C:\Anone\venv_HelloAliber\lib\site-packages\allauth\account\views.py", line 101, in post
    form_class = self.get_form_class()
  File "C:\Anone\venv_HelloAliber\lib\site-packages\allauth\account\views.py", line 640, in get_form_class
    return get_form_class(app_settings.FORMS,
  File "C:\Anone\venv_HelloAliber\lib\site-packages\allauth\utils.py", line 302, in get_form_class
    form_class = import_attribute(form_class)
  File "C:\Anone\venv_HelloAliber\lib\site-packages\allauth\utils.py", line 152, in import_attribute
    ret = getattr(importlib.import_module(pkg), attr)
  File "C:\Users\Aliber-ning_wen\AppData\Local\Programs\Python\Python38-32\lib\importlib\__init__.py", line 127, in import_module
    return _bootstrap._gcd_import(name[level:], package, level)
  File "<frozen importlib._bootstrap>", line 1014, in _gcd_import
  File "<frozen importlib._bootstrap>", line 991, in _find_and_load
  File "<frozen importlib._bootstrap>", line 975, in _find_and_load_unlocked
  File "<frozen importlib._bootstrap>", line 671, in _load_unlocked
  File "<frozen importlib._bootstrap_external>", line 783, in exec_module
  File "<frozen importlib._bootstrap>", line 219, in _call_with_frames_removed
  File "C:\Anone\venv_HelloAliber\HelloAliber\accounts\forms.py", line 1, in <module>
    from django.contrib.auth.forms import ResetPasswordForm
ImportError: cannot import name 'ResetPasswordForm' from 'django.contrib.auth.forms' (C:\Anone\venv_HelloAliber\lib\site-packages\django\contrib\auth\forms.py)
[ERROR]	asctime:2020-08-17 20:20:29,329	module:basehttp	message:"POST /accounts/password/reset/ HTTP/1.1" 500 136227	process:11816	thread:12236
[INFO]	asctime:2020-08-17 20:41:22,845	module:basehttp	message:"POST /accounts/password/reset/ HTTP/1.1" 200 12760	process:11816	thread:16164
[INFO]	asctime:2020-08-18 13:09:28,109	module:autoreload	message:Watching for file changes with StatReloader	process:9640	thread:7128
[INFO]	asctime:2020-08-18 13:09:35,906	module:basehttp	message:"POST /accounts/password/reset/ HTTP/1.1" 200 12590	process:9640	thread:4256
[WARNING]	asctime:2020-08-18 13:09:36,353	module:log	message:Not Found: /favicon.ico	process:9640	thread:4256
[WARNING]	asctime:2020-08-18 13:09:36,354	module:basehttp	message:"GET /favicon.ico HTTP/1.1" 404 11632	process:9640	thread:4256
[ERROR]	asctime:2020-08-18 13:11:53,119	module:log	message:Internal Server Error: /accounts/password/reset/	process:9640	thread:4256
Traceback (most recent call last):
  File "C:\Anone\venv_HelloAliber\lib\site-packages\django\core\handlers\exception.py", line 34, in inner
    response = get_response(request)
  File "C:\Anone\venv_HelloAliber\lib\site-packages\django\core\handlers\base.py", line 115, in _get_response
    response = self.process_exception_by_middleware(e, request)
  File "C:\Anone\venv_HelloAliber\lib\site-packages\django\core\handlers\base.py", line 113, in _get_response
    response = wrapped_callback(request, *callback_args, **callback_kwargs)
  File "C:\Anone\venv_HelloAliber\lib\site-packages\django\views\generic\base.py", line 71, in view
    return self.dispatch(request, *args, **kwargs)
  File "C:\Anone\venv_HelloAliber\lib\site-packages\django\views\generic\base.py", line 97, in dispatch
    return handler(request, *args, **kwargs)
  File "C:\Anone\venv_HelloAliber\lib\site-packages\allauth\account\views.py", line 103, in post
    if form.is_valid():
  File "C:\Anone\venv_HelloAliber\lib\site-packages\django\forms\forms.py", line 180, in is_valid
    return self.is_bound and not self.errors
  File "C:\Anone\venv_HelloAliber\lib\site-packages\django\forms\forms.py", line 175, in errors
    self.full_clean()
  File "C:\Anone\venv_HelloAliber\lib\site-packages\django\forms\forms.py", line 376, in full_clean
    self._clean_fields()
  File "C:\Anone\venv_HelloAliber\lib\site-packages\django\forms\forms.py", line 397, in _clean_fields
    value = getattr(self, 'clean_%s' % name)()
  File "C:\Anone\venv_HelloAliber\HelloAliber\accounts\forms.py", line 25, in clean_email
    last_name = self.cleaned_data["last_name"]
KeyError: 'last_name'
[ERROR]	asctime:2020-08-18 13:11:53,188	module:basehttp	message:"POST /accounts/password/reset/ HTTP/1.1" 500 112605	process:9640	thread:4256
[INFO]	asctime:2020-08-18 13:13:49,501	module:basehttp	message:"POST /accounts/password/reset/ HTTP/1.1" 200 12468	process:9640	thread:4256
[INFO]	asctime:2020-08-18 13:17:03,114	module:autoreload	message:C:\Anone\venv_HelloAliber\HelloAliber\accounts\forms.py changed, reloading.	process:9640	thread:7128
[INFO]	asctime:2020-08-18 13:17:04,386	module:autoreload	message:Watching for file changes with StatReloader	process:7400	thread:14988
[INFO]	asctime:2020-08-18 13:17:06,648	module:basehttp	message:"POST /accounts/password/reset/ HTTP/1.1" 200 12468	process:7400	thread:14624
[INFO]	asctime:2020-08-18 13:17:15,084	module:basehttp	message:"POST /accounts/password/reset/ HTTP/1.1" 200 12468	process:7400	thread:14624
[ERROR]	asctime:2020-08-18 13:17:18,507	module:log	message:Internal Server Error: /accounts/password/reset/	process:7400	thread:14624
Traceback (most recent call last):
  File "C:\Anone\venv_HelloAliber\lib\site-packages\django\core\handlers\exception.py", line 34, in inner
    response = get_response(request)
  File "C:\Anone\venv_HelloAliber\lib\site-packages\django\core\handlers\base.py", line 115, in _get_response
    response = self.process_exception_by_middleware(e, request)
  File "C:\Anone\venv_HelloAliber\lib\site-packages\django\core\handlers\base.py", line 113, in _get_response
    response = wrapped_callback(request, *callback_args, **callback_kwargs)
  File "C:\Anone\venv_HelloAliber\lib\site-packages\django\views\generic\base.py", line 71, in view
    return self.dispatch(request, *args, **kwargs)
  File "C:\Anone\venv_HelloAliber\lib\site-packages\django\views\generic\base.py", line 97, in dispatch
    return handler(request, *args, **kwargs)
  File "C:\Anone\venv_HelloAliber\lib\site-packages\allauth\account\views.py", line 103, in post
    if form.is_valid():
  File "C:\Anone\venv_HelloAliber\lib\site-packages\django\forms\forms.py", line 180, in is_valid
    return self.is_bound and not self.errors
  File "C:\Anone\venv_HelloAliber\lib\site-packages\django\forms\forms.py", line 175, in errors
    self.full_clean()
  File "C:\Anone\venv_HelloAliber\lib\site-packages\django\forms\forms.py", line 376, in full_clean
    self._clean_fields()
  File "C:\Anone\venv_HelloAliber\lib\site-packages\django\forms\forms.py", line 397, in _clean_fields
    value = getattr(self, 'clean_%s' % name)()
  File "C:\Anone\venv_HelloAliber\HelloAliber\accounts\forms.py", line 25, in clean_email
    last_name = self.cleaned_data["last_name"]
KeyError: 'last_name'
[ERROR]	asctime:2020-08-18 13:17:18,575	module:basehttp	message:"POST /accounts/password/reset/ HTTP/1.1" 500 112705	process:7400	thread:14624
[INFO]	asctime:2020-08-18 13:20:05,976	module:autoreload	message:C:\Anone\venv_HelloAliber\HelloAliber\accounts\forms.py changed, reloading.	process:7400	thread:14988
[INFO]	asctime:2020-08-18 13:20:07,259	module:autoreload	message:Watching for file changes with StatReloader	process:6984	thread:13264
[ERROR]	asctime:2020-08-18 13:20:09,423	module:log	message:Internal Server Error: /accounts/password/reset/	process:6984	thread:2420
Traceback (most recent call last):
  File "C:\Anone\venv_HelloAliber\lib\site-packages\django\core\handlers\exception.py", line 34, in inner
    response = get_response(request)
  File "C:\Anone\venv_HelloAliber\lib\site-packages\django\core\handlers\base.py", line 115, in _get_response
    response = self.process_exception_by_middleware(e, request)
  File "C:\Anone\venv_HelloAliber\lib\site-packages\django\core\handlers\base.py", line 113, in _get_response
    response = wrapped_callback(request, *callback_args, **callback_kwargs)
  File "C:\Anone\venv_HelloAliber\lib\site-packages\django\views\generic\base.py", line 71, in view
    return self.dispatch(request, *args, **kwargs)
  File "C:\Anone\venv_HelloAliber\lib\site-packages\django\views\generic\base.py", line 97, in dispatch
    return handler(request, *args, **kwargs)
  File "C:\Anone\venv_HelloAliber\lib\site-packages\allauth\account\views.py", line 103, in post
    if form.is_valid():
  File "C:\Anone\venv_HelloAliber\lib\site-packages\django\forms\forms.py", line 180, in is_valid
    return self.is_bound and not self.errors
  File "C:\Anone\venv_HelloAliber\lib\site-packages\django\forms\forms.py", line 175, in errors
    self.full_clean()
  File "C:\Anone\venv_HelloAliber\lib\site-packages\django\forms\forms.py", line 376, in full_clean
    self._clean_fields()
  File "C:\Anone\venv_HelloAliber\lib\site-packages\django\forms\forms.py", line 397, in _clean_fields
    value = getattr(self, 'clean_%s' % name)()
  File "C:\Anone\venv_HelloAliber\HelloAliber\accounts\forms.py", line 25, in clean_email
    last_name = self.cleaned_data["last_name2"]
KeyError: 'last_name2'
[ERROR]	asctime:2020-08-18 13:20:09,511	module:basehttp	message:"POST /accounts/password/reset/ HTTP/1.1" 500 112711	process:6984	thread:2420
[INFO]	asctime:2020-08-18 13:20:09,581	module:basehttp	message:"GET /static/debug_toolbar/css/toolbar.css HTTP/1.1" 304 0	process:6984	thread:2420
[INFO]	asctime:2020-08-18 13:20:09,581	module:basehttp	message:"GET /static/debug_toolbar/js/toolbar.js HTTP/1.1" 304 0	process:6984	thread:2920
[INFO]	asctime:2020-08-18 13:20:09,585	module:basehttp	message:"GET /static/debug_toolbar/img/ajax-loader.gif HTTP/1.1" 304 0	process:6984	thread:14104
[INFO]	asctime:2020-08-18 13:20:09,585	module:basehttp	message:"GET /static/debug_toolbar/css/print.css HTTP/1.1" 304 0	process:6984	thread:13524
[INFO]	asctime:2020-08-18 13:20:09,622	module:basehttp	message:"GET /static/debug_toolbar/img/djdt_vertical.png HTTP/1.1" 304 0	process:6984	thread:13524
[INFO]	asctime:2020-08-18 13:21:14,758	module:autoreload	message:C:\Anone\venv_HelloAliber\HelloAliber\accounts\forms.py changed, reloading.	process:6984	thread:13264
[INFO]	asctime:2020-08-18 13:21:16,099	module:autoreload	message:Watching for file changes with StatReloader	process:11300	thread:10676
[ERROR]	asctime:2020-08-18 13:21:17,008	module:log	message:Internal Server Error: /accounts/password/reset/	process:11300	thread:10700
Traceback (most recent call last):
  File "C:\Anone\venv_HelloAliber\lib\site-packages\django\core\handlers\exception.py", line 34, in inner
    response = get_response(request)
  File "C:\Anone\venv_HelloAliber\lib\site-packages\django\core\handlers\base.py", line 115, in _get_response
    response = self.process_exception_by_middleware(e, request)
  File "C:\Anone\venv_HelloAliber\lib\site-packages\django\core\handlers\base.py", line 113, in _get_response
    response = wrapped_callback(request, *callback_args, **callback_kwargs)
  File "C:\Anone\venv_HelloAliber\lib\site-packages\django\views\generic\base.py", line 71, in view
    return self.dispatch(request, *args, **kwargs)
  File "C:\Anone\venv_HelloAliber\lib\site-packages\django\views\generic\base.py", line 97, in dispatch
    return handler(request, *args, **kwargs)
  File "C:\Anone\venv_HelloAliber\lib\site-packages\allauth\account\views.py", line 103, in post
    if form.is_valid():
  File "C:\Anone\venv_HelloAliber\lib\site-packages\django\forms\forms.py", line 180, in is_valid
    return self.is_bound and not self.errors
  File "C:\Anone\venv_HelloAliber\lib\site-packages\django\forms\forms.py", line 175, in errors
    self.full_clean()
  File "C:\Anone\venv_HelloAliber\lib\site-packages\django\forms\forms.py", line 376, in full_clean
    self._clean_fields()
  File "C:\Anone\venv_HelloAliber\lib\site-packages\django\forms\forms.py", line 397, in _clean_fields
    value = getattr(self, 'clean_%s' % name)()
  File "C:\Anone\venv_HelloAliber\HelloAliber\accounts\forms.py", line 25, in clean_email
    last_name2 = self.cleaned_data["last_name"]
KeyError: 'last_name'
[ERROR]	asctime:2020-08-18 13:21:17,096	module:basehttp	message:"POST /accounts/password/reset/ HTTP/1.1" 500 112710	process:11300	thread:10700
[INFO]	asctime:2020-08-18 13:22:37,057	module:autoreload	message:C:\Anone\venv_HelloAliber\HelloAliber\accounts\forms.py changed, reloading.	process:11300	thread:10676
[INFO]	asctime:2020-08-18 13:22:38,298	module:autoreload	message:Watching for file changes with StatReloader	process:10968	thread:4352
[ERROR]	asctime:2020-08-18 13:24:08,945	module:log	message:Internal Server Error: /accounts/password/reset/	process:10968	thread:6832
Traceback (most recent call last):
  File "C:\Anone\venv_HelloAliber\lib\site-packages\django\core\handlers\exception.py", line 34, in inner
    response = get_response(request)
  File "C:\Anone\venv_HelloAliber\lib\site-packages\django\core\handlers\base.py", line 115, in _get_response
    response = self.process_exception_by_middleware(e, request)
  File "C:\Anone\venv_HelloAliber\lib\site-packages\django\core\handlers\base.py", line 113, in _get_response
    response = wrapped_callback(request, *callback_args, **callback_kwargs)
  File "C:\Anone\venv_HelloAliber\lib\site-packages\django\views\generic\base.py", line 71, in view
    return self.dispatch(request, *args, **kwargs)
  File "C:\Anone\venv_HelloAliber\lib\site-packages\django\views\generic\base.py", line 97, in dispatch
    return handler(request, *args, **kwargs)
  File "C:\Anone\venv_HelloAliber\lib\site-packages\allauth\account\views.py", line 103, in post
    if form.is_valid():
  File "C:\Anone\venv_HelloAliber\lib\site-packages\django\forms\forms.py", line 180, in is_valid
    return self.is_bound and not self.errors
  File "C:\Anone\venv_HelloAliber\lib\site-packages\django\forms\forms.py", line 175, in errors
    self.full_clean()
  File "C:\Anone\venv_HelloAliber\lib\site-packages\django\forms\forms.py", line 376, in full_clean
    self._clean_fields()
  File "C:\Anone\venv_HelloAliber\lib\site-packages\django\forms\forms.py", line 397, in _clean_fields
    value = getattr(self, 'clean_%s' % name)()
  File "C:\Anone\venv_HelloAliber\HelloAliber\accounts\forms.py", line 28, in clean_email
    logger.log(self.cleaned_data["email"])
TypeError: log() missing 1 required positional argument: 'msg'
[ERROR]	asctime:2020-08-18 13:24:09,044	module:basehttp	message:"POST /accounts/password/reset/ HTTP/1.1" 500 112815	process:10968	thread:6832
[INFO]	asctime:2020-08-18 13:24:47,366	module:autoreload	message:C:\Anone\venv_HelloAliber\HelloAliber\accounts\forms.py changed, reloading.	process:10968	thread:4352
[INFO]	asctime:2020-08-18 13:24:48,611	module:autoreload	message:Watching for file changes with StatReloader	process:12716	thread:12572
[ERROR]	asctime:2020-08-18 13:24:50,051	module:log	message:Internal Server Error: /accounts/password/reset/	process:12716	thread:4456
Traceback (most recent call last):
  File "C:\Anone\venv_HelloAliber\lib\site-packages\django\core\handlers\exception.py", line 34, in inner
    response = get_response(request)
  File "C:\Anone\venv_HelloAliber\lib\site-packages\django\core\handlers\base.py", line 115, in _get_response
    response = self.process_exception_by_middleware(e, request)
  File "C:\Anone\venv_HelloAliber\lib\site-packages\django\core\handlers\base.py", line 113, in _get_response
    response = wrapped_callback(request, *callback_args, **callback_kwargs)
  File "C:\Anone\venv_HelloAliber\lib\site-packages\django\views\generic\base.py", line 71, in view
    return self.dispatch(request, *args, **kwargs)
  File "C:\Anone\venv_HelloAliber\lib\site-packages\django\views\generic\base.py", line 97, in dispatch
    return handler(request, *args, **kwargs)
  File "C:\Anone\venv_HelloAliber\lib\site-packages\allauth\account\views.py", line 103, in post
    if form.is_valid():
  File "C:\Anone\venv_HelloAliber\lib\site-packages\django\forms\forms.py", line 180, in is_valid
    return self.is_bound and not self.errors
  File "C:\Anone\venv_HelloAliber\lib\site-packages\django\forms\forms.py", line 175, in errors
    self.full_clean()
  File "C:\Anone\venv_HelloAliber\lib\site-packages\django\forms\forms.py", line 376, in full_clean
    self._clean_fields()
  File "C:\Anone\venv_HelloAliber\lib\site-packages\django\forms\forms.py", line 397, in _clean_fields
    value = getattr(self, 'clean_%s' % name)()
  File "C:\Anone\venv_HelloAliber\HelloAliber\accounts\forms.py", line 29, in clean_email
    last_name = self.cleaned_data["last_name"]
KeyError: 'last_name'
[ERROR]	asctime:2020-08-18 13:24:50,140	module:basehttp	message:"POST /accounts/password/reset/ HTTP/1.1" 500 112717	process:12716	thread:4456
[INFO]	asctime:2020-08-18 13:26:15,383	module:autoreload	message:C:\Anone\venv_HelloAliber\HelloAliber\accounts\forms.py changed, reloading.	process:12716	thread:12572
[INFO]	asctime:2020-08-18 13:26:16,678	module:autoreload	message:Watching for file changes with StatReloader	process:1332	thread:8088
[ERROR]	asctime:2020-08-18 13:26:24,742	module:log	message:Internal Server Error: /accounts/password/reset/	process:1332	thread:4940
Traceback (most recent call last):
  File "C:\Anone\venv_HelloAliber\lib\site-packages\django\core\handlers\exception.py", line 34, in inner
    response = get_response(request)
  File "C:\Anone\venv_HelloAliber\lib\site-packages\django\core\handlers\base.py", line 115, in _get_response
    response = self.process_exception_by_middleware(e, request)
  File "C:\Anone\venv_HelloAliber\lib\site-packages\django\core\handlers\base.py", line 113, in _get_response
    response = wrapped_callback(request, *callback_args, **callback_kwargs)
  File "C:\Anone\venv_HelloAliber\lib\site-packages\django\views\generic\base.py", line 71, in view
    return self.dispatch(request, *args, **kwargs)
  File "C:\Anone\venv_HelloAliber\lib\site-packages\django\views\generic\base.py", line 97, in dispatch
    return handler(request, *args, **kwargs)
  File "C:\Anone\venv_HelloAliber\lib\site-packages\allauth\account\views.py", line 103, in post
    if form.is_valid():
  File "C:\Anone\venv_HelloAliber\lib\site-packages\django\forms\forms.py", line 180, in is_valid
    return self.is_bound and not self.errors
  File "C:\Anone\venv_HelloAliber\lib\site-packages\django\forms\forms.py", line 175, in errors
    self.full_clean()
  File "C:\Anone\venv_HelloAliber\lib\site-packages\django\forms\forms.py", line 376, in full_clean
    self._clean_fields()
  File "C:\Anone\venv_HelloAliber\lib\site-packages\django\forms\forms.py", line 397, in _clean_fields
    value = getattr(self, 'clean_%s' % name)()
  File "C:\Anone\venv_HelloAliber\HelloAliber\accounts\forms.py", line 29, in clean_email
    last_name = self.cleaned_data["last_name"]
KeyError: 'last_name'
[ERROR]	asctime:2020-08-18 13:26:24,835	module:basehttp	message:"POST /accounts/password/reset/ HTTP/1.1" 500 112766	process:1332	thread:4940
[INFO]	asctime:2020-08-18 13:28:40,273	module:autoreload	message:Watching for file changes with StatReloader	process:7428	thread:12212
[INFO]	asctime:2020-08-18 13:28:47,001	module:basehttp	message:"GET / HTTP/1.1" 200 9327	process:7428	thread:4076
[INFO]	asctime:2020-08-18 13:28:48,401	module:basehttp	message:"GET /accounts/password/reset/ HTTP/1.1" 200 12289	process:7428	thread:4076
[INFO]	asctime:2020-08-18 13:28:55,904	module:basehttp	message:"POST /accounts/password/reset/ HTTP/1.1" 200 12463	process:7428	thread:4076
[INFO]	asctime:2020-08-18 13:32:13,853	module:autoreload	message:Watching for file changes with StatReloader	process:12508	thread:11088
[INFO]	asctime:2020-08-18 13:38:46,731	module:autoreload	message:Watching for file changes with StatReloader	process:7520	thread:2228
[ERROR]	asctime:2020-08-18 13:38:51,434	module:log	message:Internal Server Error: /accounts/password/reset/	process:7520	thread:14132
Traceback (most recent call last):
  File "C:\Anone\venv_HelloAliber\lib\site-packages\django\core\handlers\exception.py", line 34, in inner
    response = get_response(request)
  File "C:\Anone\venv_HelloAliber\lib\site-packages\django\core\handlers\base.py", line 115, in _get_response
    response = self.process_exception_by_middleware(e, request)
  File "C:\Anone\venv_HelloAliber\lib\site-packages\django\core\handlers\base.py", line 113, in _get_response
    response = wrapped_callback(request, *callback_args, **callback_kwargs)
  File "C:\Anone\venv_HelloAliber\lib\site-packages\django\views\generic\base.py", line 71, in view
    return self.dispatch(request, *args, **kwargs)
  File "C:\Anone\venv_HelloAliber\lib\site-packages\django\views\generic\base.py", line 97, in dispatch
    return handler(request, *args, **kwargs)
  File "C:\Anone\venv_HelloAliber\lib\site-packages\allauth\account\views.py", line 103, in post
    if form.is_valid():
  File "C:\Anone\venv_HelloAliber\lib\site-packages\django\forms\forms.py", line 180, in is_valid
    return self.is_bound and not self.errors
  File "C:\Anone\venv_HelloAliber\lib\site-packages\django\forms\forms.py", line 175, in errors
    self.full_clean()
  File "C:\Anone\venv_HelloAliber\lib\site-packages\django\forms\forms.py", line 376, in full_clean
    self._clean_fields()
  File "C:\Anone\venv_HelloAliber\lib\site-packages\django\forms\forms.py", line 397, in _clean_fields
    value = getattr(self, 'clean_%s' % name)()
  File "C:\Anone\venv_HelloAliber\HelloAliber\accounts\forms.py", line 28, in clean_email
    last_name = self.cleaned_data["last_name"]
KeyError: 'last_name'
[ERROR]	asctime:2020-08-18 13:38:51,477	module:basehttp	message:"POST /accounts/password/reset/ HTTP/1.1" 500 112678	process:7520	thread:14132
[ERROR]	asctime:2020-08-18 13:38:56,113	module:log	message:Internal Server Error: /accounts/password/reset/	process:7520	thread:14132
Traceback (most recent call last):
  File "C:\Anone\venv_HelloAliber\lib\site-packages\django\core\handlers\exception.py", line 34, in inner
    response = get_response(request)
  File "C:\Anone\venv_HelloAliber\lib\site-packages\django\core\handlers\base.py", line 115, in _get_response
    response = self.process_exception_by_middleware(e, request)
  File "C:\Anone\venv_HelloAliber\lib\site-packages\django\core\handlers\base.py", line 113, in _get_response
    response = wrapped_callback(request, *callback_args, **callback_kwargs)
  File "C:\Anone\venv_HelloAliber\lib\site-packages\django\views\generic\base.py", line 71, in view
    return self.dispatch(request, *args, **kwargs)
  File "C:\Anone\venv_HelloAliber\lib\site-packages\django\views\generic\base.py", line 97, in dispatch
    return handler(request, *args, **kwargs)
  File "C:\Anone\venv_HelloAliber\lib\site-packages\allauth\account\views.py", line 103, in post
    if form.is_valid():
  File "C:\Anone\venv_HelloAliber\lib\site-packages\django\forms\forms.py", line 180, in is_valid
    return self.is_bound and not self.errors
  File "C:\Anone\venv_HelloAliber\lib\site-packages\django\forms\forms.py", line 175, in errors
    self.full_clean()
  File "C:\Anone\venv_HelloAliber\lib\site-packages\django\forms\forms.py", line 376, in full_clean
    self._clean_fields()
  File "C:\Anone\venv_HelloAliber\lib\site-packages\django\forms\forms.py", line 397, in _clean_fields
    value = getattr(self, 'clean_%s' % name)()
  File "C:\Anone\venv_HelloAliber\HelloAliber\accounts\forms.py", line 28, in clean_email
    last_name = self.cleaned_data["last_name"]
KeyError: 'last_name'
[ERROR]	asctime:2020-08-18 13:38:56,138	module:basehttp	message:"POST /accounts/password/reset/ HTTP/1.1" 500 112677	process:7520	thread:14132
[INFO]	asctime:2020-08-18 13:48:40,848	module:autoreload	message:C:\Anone\venv_HelloAliber\HelloAliber\accounts\forms.py changed, reloading.	process:7520	thread:2228
[INFO]	asctime:2020-08-18 13:48:42,180	module:autoreload	message:Watching for file changes with StatReloader	process:12060	thread:12708
[INFO]	asctime:2020-08-18 13:48:48,928	module:basehttp	message:"GET / HTTP/1.1" 200 9326	process:12060	thread:8836
[INFO]	asctime:2020-08-18 13:48:52,660	module:basehttp	message:"GET /accounts/password/reset/ HTTP/1.1" 200 12318	process:12060	thread:8836
[INFO]	asctime:2020-08-18 13:53:00,751	module:autoreload	message:C:\Anone\venv_HelloAliber\HelloAliber\accounts\forms.py changed, reloading.	process:12060	thread:12708
[INFO]	asctime:2020-08-18 13:53:01,983	module:autoreload	message:Watching for file changes with StatReloader	process:13880	thread:14700
[INFO]	asctime:2020-08-18 13:53:27,174	module:basehttp	message:"GET /accounts/password/reset/ HTTP/1.1" 200 12318	process:13880	thread:13240
[INFO]	asctime:2020-08-18 13:53:41,057	module:autoreload	message:Watching for file changes with StatReloader	process:5092	thread:14388
[INFO]	asctime:2020-08-18 13:53:44,656	module:basehttp	message:"GET /accounts/password/reset/ HTTP/1.1" 200 12318	process:5092	thread:7496
[INFO]	asctime:2020-08-18 13:57:52,969	module:autoreload	message:C:\Anone\venv_HelloAliber\HelloAliber\accounts\forms.py changed, reloading.	process:5092	thread:14388
[INFO]	asctime:2020-08-18 13:57:54,470	module:autoreload	message:Watching for file changes with StatReloader	process:11824	thread:2436
[INFO]	asctime:2020-08-18 13:57:54,958	module:basehttp	message:"GET /accounts/password/reset/ HTTP/1.1" 200 12323	process:11824	thread:14128
[INFO]	asctime:2020-08-18 13:59:09,528	module:autoreload	message:C:\Anone\venv_HelloAliber\HelloAliber\accounts\forms.py changed, reloading.	process:11824	thread:2436
[INFO]	asctime:2020-08-18 13:59:10,983	module:autoreload	message:Watching for file changes with StatReloader	process:3528	thread:2636
[ERROR]	asctime:2020-08-18 13:59:21,337	module:log	message:Internal Server Error: /accounts/password/reset/	process:3528	thread:15096
Traceback (most recent call last):
  File "C:\Anone\venv_HelloAliber\lib\site-packages\django\core\handlers\exception.py", line 34, in inner
    response = get_response(request)
  File "C:\Anone\venv_HelloAliber\lib\site-packages\django\core\handlers\base.py", line 115, in _get_response
    response = self.process_exception_by_middleware(e, request)
  File "C:\Anone\venv_HelloAliber\lib\site-packages\django\core\handlers\base.py", line 113, in _get_response
    response = wrapped_callback(request, *callback_args, **callback_kwargs)
  File "C:\Anone\venv_HelloAliber\lib\site-packages\django\views\generic\base.py", line 71, in view
    return self.dispatch(request, *args, **kwargs)
  File "C:\Anone\venv_HelloAliber\lib\site-packages\django\views\generic\base.py", line 97, in dispatch
    return handler(request, *args, **kwargs)
  File "C:\Anone\venv_HelloAliber\lib\site-packages\allauth\account\views.py", line 103, in post
    if form.is_valid():
  File "C:\Anone\venv_HelloAliber\lib\site-packages\django\forms\forms.py", line 180, in is_valid
    return self.is_bound and not self.errors
  File "C:\Anone\venv_HelloAliber\lib\site-packages\django\forms\forms.py", line 175, in errors
    self.full_clean()
  File "C:\Anone\venv_HelloAliber\lib\site-packages\django\forms\forms.py", line 376, in full_clean
    self._clean_fields()
  File "C:\Anone\venv_HelloAliber\lib\site-packages\django\forms\forms.py", line 397, in _clean_fields
    value = getattr(self, 'clean_%s' % name)()
  File "C:\Anone\venv_HelloAliber\HelloAliber\accounts\forms.py", line 23, in clean_email
    last_name = self.cleaned_data["last_name"]
KeyError: 'last_name'
[ERROR]	asctime:2020-08-18 13:59:21,378	module:basehttp	message:"POST /accounts/password/reset/ HTTP/1.1" 500 112962	process:3528	thread:15096
[INFO]	asctime:2020-08-18 14:00:07,745	module:autoreload	message:C:\Anone\venv_HelloAliber\HelloAliber\accounts\forms.py changed, reloading.	process:3528	thread:2636
[INFO]	asctime:2020-08-18 14:00:09,111	module:autoreload	message:Watching for file changes with StatReloader	process:1860	thread:14628
[INFO]	asctime:2020-08-18 14:00:10,551	module:basehttp	message:"GET /accounts/password/reset/ HTTP/1.1" 200 12298	process:1860	thread:7060
[INFO]	asctime:2020-08-18 14:04:24,738	module:autoreload	message:C:\Anone\venv_HelloAliber\HelloAliber\accounts\forms.py changed, reloading.	process:1860	thread:14628
[INFO]	asctime:2020-08-18 14:04:25,990	module:autoreload	message:Watching for file changes with StatReloader	process:15336	thread:14776
[ERROR]	asctime:2020-08-18 14:04:29,238	module:log	message:Internal Server Error: /accounts/password/reset/	process:15336	thread:13856
Traceback (most recent call last):
  File "C:\Anone\venv_HelloAliber\lib\site-packages\django\core\handlers\exception.py", line 34, in inner
    response = get_response(request)
  File "C:\Anone\venv_HelloAliber\lib\site-packages\django\core\handlers\base.py", line 115, in _get_response
    response = self.process_exception_by_middleware(e, request)
  File "C:\Anone\venv_HelloAliber\lib\site-packages\django\core\handlers\base.py", line 113, in _get_response
    response = wrapped_callback(request, *callback_args, **callback_kwargs)
  File "C:\Anone\venv_HelloAliber\lib\site-packages\django\views\generic\base.py", line 71, in view
    return self.dispatch(request, *args, **kwargs)
  File "C:\Anone\venv_HelloAliber\lib\site-packages\django\views\generic\base.py", line 97, in dispatch
    return handler(request, *args, **kwargs)
  File "C:\Anone\venv_HelloAliber\lib\site-packages\allauth\account\views.py", line 94, in get
    response = super(AjaxCapableProcessFormViewMixin, self).get(
  File "C:\Anone\venv_HelloAliber\lib\site-packages\django\views\generic\edit.py", line 133, in get
    return self.render_to_response(self.get_context_data())
  File "C:\Anone\venv_HelloAliber\lib\site-packages\allauth\account\views.py", line 649, in get_context_data
    ret = super(PasswordResetView, self).get_context_data(**kwargs)
  File "C:\Anone\venv_HelloAliber\lib\site-packages\django\views\generic\edit.py", line 66, in get_context_data
    kwargs['form'] = self.get_form()
  File "C:\Anone\venv_HelloAliber\lib\site-packages\allauth\account\views.py", line 113, in get_form
    form = super(AjaxCapableProcessFormViewMixin, self).get_form(
  File "C:\Anone\venv_HelloAliber\lib\site-packages\django\views\generic\edit.py", line 33, in get_form
    return form_class(**self.get_form_kwargs())
  File "C:\Anone\venv_HelloAliber\HelloAliber\accounts\forms.py", line 16, in __init__
    self.fields['last_name'].widget.attrs['maxlength'] = '15'
KeyError: 'last_name'
[ERROR]	asctime:2020-08-18 14:04:29,281	module:basehttp	message:"GET /accounts/password/reset/ HTTP/1.1" 500 117284	process:15336	thread:13856
[ERROR]	asctime:2020-08-18 14:04:36,532	module:log	message:Internal Server Error: /accounts/password/reset/	process:15336	thread:13856
Traceback (most recent call last):
  File "C:\Anone\venv_HelloAliber\lib\site-packages\django\core\handlers\exception.py", line 34, in inner
    response = get_response(request)
  File "C:\Anone\venv_HelloAliber\lib\site-packages\django\core\handlers\base.py", line 115, in _get_response
    response = self.process_exception_by_middleware(e, request)
  File "C:\Anone\venv_HelloAliber\lib\site-packages\django\core\handlers\base.py", line 113, in _get_response
    response = wrapped_callback(request, *callback_args, **callback_kwargs)
  File "C:\Anone\venv_HelloAliber\lib\site-packages\django\views\generic\base.py", line 71, in view
    return self.dispatch(request, *args, **kwargs)
  File "C:\Anone\venv_HelloAliber\lib\site-packages\django\views\generic\base.py", line 97, in dispatch
    return handler(request, *args, **kwargs)
  File "C:\Anone\venv_HelloAliber\lib\site-packages\allauth\account\views.py", line 94, in get
    response = super(AjaxCapableProcessFormViewMixin, self).get(
  File "C:\Anone\venv_HelloAliber\lib\site-packages\django\views\generic\edit.py", line 133, in get
    return self.render_to_response(self.get_context_data())
  File "C:\Anone\venv_HelloAliber\lib\site-packages\allauth\account\views.py", line 649, in get_context_data
    ret = super(PasswordResetView, self).get_context_data(**kwargs)
  File "C:\Anone\venv_HelloAliber\lib\site-packages\django\views\generic\edit.py", line 66, in get_context_data
    kwargs['form'] = self.get_form()
  File "C:\Anone\venv_HelloAliber\lib\site-packages\allauth\account\views.py", line 113, in get_form
    form = super(AjaxCapableProcessFormViewMixin, self).get_form(
  File "C:\Anone\venv_HelloAliber\lib\site-packages\django\views\generic\edit.py", line 33, in get_form
    return form_class(**self.get_form_kwargs())
  File "C:\Anone\venv_HelloAliber\HelloAliber\accounts\forms.py", line 16, in __init__
    self.fields['last_name'].widget.attrs['maxlength'] = '15'
KeyError: 'last_name'
[ERROR]	asctime:2020-08-18 14:04:36,555	module:basehttp	message:"GET /accounts/password/reset/ HTTP/1.1" 500 117146	process:15336	thread:13856
[INFO]	asctime:2020-08-18 14:05:53,246	module:autoreload	message:C:\Anone\venv_HelloAliber\HelloAliber\accounts\forms.py changed, reloading.	process:15336	thread:14776
[INFO]	asctime:2020-08-18 14:05:54,518	module:autoreload	message:Watching for file changes with StatReloader	process:248	thread:5308
[INFO]	asctime:2020-08-18 14:06:26,290	module:basehttp	message:"GET /accounts/password/reset/ HTTP/1.1" 200 12298	process:248	thread:124
[ERROR]	asctime:2020-08-18 14:06:31,733	module:log	message:Internal Server Error: /accounts/password/reset/	process:248	thread:124
Traceback (most recent call last):
  File "C:\Anone\venv_HelloAliber\lib\site-packages\django\core\handlers\exception.py", line 34, in inner
    response = get_response(request)
  File "C:\Anone\venv_HelloAliber\lib\site-packages\django\core\handlers\base.py", line 115, in _get_response
    response = self.process_exception_by_middleware(e, request)
  File "C:\Anone\venv_HelloAliber\lib\site-packages\django\core\handlers\base.py", line 113, in _get_response
    response = wrapped_callback(request, *callback_args, **callback_kwargs)
  File "C:\Anone\venv_HelloAliber\lib\site-packages\django\views\generic\base.py", line 71, in view
    return self.dispatch(request, *args, **kwargs)
  File "C:\Anone\venv_HelloAliber\lib\site-packages\django\views\generic\base.py", line 97, in dispatch
    return handler(request, *args, **kwargs)
  File "C:\Anone\venv_HelloAliber\lib\site-packages\allauth\account\views.py", line 103, in post
    if form.is_valid():
  File "C:\Anone\venv_HelloAliber\lib\site-packages\django\forms\forms.py", line 180, in is_valid
    return self.is_bound and not self.errors
  File "C:\Anone\venv_HelloAliber\lib\site-packages\django\forms\forms.py", line 175, in errors
    self.full_clean()
  File "C:\Anone\venv_HelloAliber\lib\site-packages\django\forms\forms.py", line 376, in full_clean
    self._clean_fields()
  File "C:\Anone\venv_HelloAliber\lib\site-packages\django\forms\forms.py", line 397, in _clean_fields
    value = getattr(self, 'clean_%s' % name)()
  File "C:\Anone\venv_HelloAliber\HelloAliber\accounts\forms.py", line 23, in clean_last_name
    self.users = CustomUser.objects.filter(email__iexact=super().email).first()
AttributeError: 'super' object has no attribute 'email'
[ERROR]	asctime:2020-08-18 14:06:31,792	module:basehttp	message:"POST /accounts/password/reset/ HTTP/1.1" 500 113157	process:248	thread:124
[INFO]	asctime:2020-08-18 14:07:09,851	module:basehttp	message:"GET /static/debug_toolbar/img/indicator.png HTTP/1.1" 200 436	process:248	thread:11324
[INFO]	asctime:2020-08-18 14:07:09,853	module:basehttp	message:"GET /static/debug_toolbar/img/close.png HTTP/1.1" 200 498	process:248	thread:14132
[INFO]	asctime:2020-08-18 14:07:09,936	module:basehttp	message:"GET /__debug__/render_panel/?store_id=e397780b25d54e3ca177761587c6db4d&panel_id=SQLPanel HTTP/1.1" 200 16498	process:248	thread:124
[INFO]	asctime:2020-08-18 14:08:56,782	module:autoreload	message:C:\Anone\venv_HelloAliber\HelloAliber\accounts\forms.py changed, reloading.	process:248	thread:5308
[INFO]	asctime:2020-08-18 14:08:58,100	module:autoreload	message:Watching for file changes with StatReloader	process:14424	thread:3068
[INFO]	asctime:2020-08-18 14:08:58,584	module:basehttp	message:"GET /accounts/password/reset/ HTTP/1.1" 200 12298	process:14424	thread:15356
[ERROR]	asctime:2020-08-18 14:09:00,148	module:log	message:Internal Server Error: /accounts/password/reset/	process:14424	thread:15356
Traceback (most recent call last):
  File "C:\Anone\venv_HelloAliber\lib\site-packages\django\core\handlers\exception.py", line 34, in inner
    response = get_response(request)
  File "C:\Anone\venv_HelloAliber\lib\site-packages\django\core\handlers\base.py", line 115, in _get_response
    response = self.process_exception_by_middleware(e, request)
  File "C:\Anone\venv_HelloAliber\lib\site-packages\django\core\handlers\base.py", line 113, in _get_response
    response = wrapped_callback(request, *callback_args, **callback_kwargs)
  File "C:\Anone\venv_HelloAliber\lib\site-packages\django\views\generic\base.py", line 71, in view
    return self.dispatch(request, *args, **kwargs)
  File "C:\Anone\venv_HelloAliber\lib\site-packages\django\views\generic\base.py", line 97, in dispatch
    return handler(request, *args, **kwargs)
  File "C:\Anone\venv_HelloAliber\lib\site-packages\allauth\account\views.py", line 103, in post
    if form.is_valid():
  File "C:\Anone\venv_HelloAliber\lib\site-packages\django\forms\forms.py", line 180, in is_valid
    return self.is_bound and not self.errors
  File "C:\Anone\venv_HelloAliber\lib\site-packages\django\forms\forms.py", line 175, in errors
    self.full_clean()
  File "C:\Anone\venv_HelloAliber\lib\site-packages\django\forms\forms.py", line 376, in full_clean
    self._clean_fields()
  File "C:\Anone\venv_HelloAliber\lib\site-packages\django\forms\forms.py", line 397, in _clean_fields
    value = getattr(self, 'clean_%s' % name)()
  File "C:\Anone\venv_HelloAliber\HelloAliber\accounts\forms.py", line 23, in clean_last_name
    users = CustomUser.objects.filter(email__iexact=super().email).first()
AttributeError: 'super' object has no attribute 'email'
[ERROR]	asctime:2020-08-18 14:09:00,209	module:basehttp	message:"POST /accounts/password/reset/ HTTP/1.1" 500 113269	process:14424	thread:15356
[INFO]	asctime:2020-08-18 14:11:11,176	module:autoreload	message:C:\Anone\venv_HelloAliber\HelloAliber\accounts\forms.py changed, reloading.	process:14424	thread:3068
[INFO]	asctime:2020-08-18 14:11:12,458	module:autoreload	message:Watching for file changes with StatReloader	process:6952	thread:14944
[ERROR]	asctime:2020-08-18 14:11:13,389	module:log	message:Internal Server Error: /accounts/password/reset/	process:6952	thread:4124
Traceback (most recent call last):
  File "C:\Anone\venv_HelloAliber\lib\site-packages\django\core\handlers\exception.py", line 34, in inner
    response = get_response(request)
  File "C:\Anone\venv_HelloAliber\lib\site-packages\django\core\handlers\base.py", line 115, in _get_response
    response = self.process_exception_by_middleware(e, request)
  File "C:\Anone\venv_HelloAliber\lib\site-packages\django\core\handlers\base.py", line 113, in _get_response
    response = wrapped_callback(request, *callback_args, **callback_kwargs)
  File "C:\Anone\venv_HelloAliber\lib\site-packages\django\views\generic\base.py", line 71, in view
    return self.dispatch(request, *args, **kwargs)
  File "C:\Anone\venv_HelloAliber\lib\site-packages\django\views\generic\base.py", line 97, in dispatch
    return handler(request, *args, **kwargs)
  File "C:\Anone\venv_HelloAliber\lib\site-packages\allauth\account\views.py", line 103, in post
    if form.is_valid():
  File "C:\Anone\venv_HelloAliber\lib\site-packages\django\forms\forms.py", line 180, in is_valid
    return self.is_bound and not self.errors
  File "C:\Anone\venv_HelloAliber\lib\site-packages\django\forms\forms.py", line 175, in errors
    self.full_clean()
  File "C:\Anone\venv_HelloAliber\lib\site-packages\django\forms\forms.py", line 376, in full_clean
    self._clean_fields()
  File "C:\Anone\venv_HelloAliber\lib\site-packages\django\forms\forms.py", line 397, in _clean_fields
    value = getattr(self, 'clean_%s' % name)()
  File "C:\Anone\venv_HelloAliber\HelloAliber\accounts\forms.py", line 23, in clean_last_name
    users = CustomUser.objects.filter(email__iexact=self.email).first()
AttributeError: 'MyResetPasswordForm' object has no attribute 'email'
[ERROR]	asctime:2020-08-18 14:11:13,466	module:basehttp	message:"POST /accounts/password/reset/ HTTP/1.1" 500 113205	process:6952	thread:4124
[INFO]	asctime:2020-08-18 14:12:22,005	module:autoreload	message:C:\Anone\venv_HelloAliber\HelloAliber\accounts\forms.py changed, reloading.	process:6952	thread:14944
[INFO]	asctime:2020-08-18 14:12:23,286	module:autoreload	message:Watching for file changes with StatReloader	process:13892	thread:3564
[INFO]	asctime:2020-08-18 14:12:25,227	module:basehttp	message:"GET /accounts/password/reset/ HTTP/1.1" 200 12298	process:13892	thread:7916
[ERROR]	asctime:2020-08-18 14:12:27,093	module:log	message:Internal Server Error: /accounts/password/reset/	process:13892	thread:7916
Traceback (most recent call last):
  File "C:\Anone\venv_HelloAliber\lib\site-packages\django\core\handlers\exception.py", line 34, in inner
    response = get_response(request)
  File "C:\Anone\venv_HelloAliber\lib\site-packages\django\core\handlers\base.py", line 115, in _get_response
    response = self.process_exception_by_middleware(e, request)
  File "C:\Anone\venv_HelloAliber\lib\site-packages\django\core\handlers\base.py", line 113, in _get_response
    response = wrapped_callback(request, *callback_args, **callback_kwargs)
  File "C:\Anone\venv_HelloAliber\lib\site-packages\django\views\generic\base.py", line 71, in view
    return self.dispatch(request, *args, **kwargs)
  File "C:\Anone\venv_HelloAliber\lib\site-packages\django\views\generic\base.py", line 97, in dispatch
    return handler(request, *args, **kwargs)
  File "C:\Anone\venv_HelloAliber\lib\site-packages\allauth\account\views.py", line 103, in post
    if form.is_valid():
  File "C:\Anone\venv_HelloAliber\lib\site-packages\django\forms\forms.py", line 180, in is_valid
    return self.is_bound and not self.errors
  File "C:\Anone\venv_HelloAliber\lib\site-packages\django\forms\forms.py", line 175, in errors
    self.full_clean()
  File "C:\Anone\venv_HelloAliber\lib\site-packages\django\forms\forms.py", line 376, in full_clean
    self._clean_fields()
  File "C:\Anone\venv_HelloAliber\lib\site-packages\django\forms\forms.py", line 397, in _clean_fields
    value = getattr(self, 'clean_%s' % name)()
  File "C:\Anone\venv_HelloAliber\HelloAliber\accounts\forms.py", line 21, in clean_last_name
    email = self.cleaned_data["email"]
KeyError: 'email'
[ERROR]	asctime:2020-08-18 14:12:27,152	module:basehttp	message:"POST /accounts/password/reset/ HTTP/1.1" 500 112892	process:13892	thread:7916
[INFO]	asctime:2020-08-18 14:14:39,380	module:autoreload	message:C:\Anone\venv_HelloAliber\HelloAliber\accounts\forms.py changed, reloading.	process:13892	thread:3564
[INFO]	asctime:2020-08-18 14:14:40,706	module:autoreload	message:Watching for file changes with StatReloader	process:1120	thread:1496
[ERROR]	asctime:2020-08-18 14:14:50,581	module:log	message:Internal Server Error: /accounts/password/reset/	process:1120	thread:2856
Traceback (most recent call last):
  File "C:\Anone\venv_HelloAliber\lib\site-packages\django\core\handlers\exception.py", line 34, in inner
    response = get_response(request)
  File "C:\Anone\venv_HelloAliber\lib\site-packages\django\core\handlers\base.py", line 115, in _get_response
    response = self.process_exception_by_middleware(e, request)
  File "C:\Anone\venv_HelloAliber\lib\site-packages\django\core\handlers\base.py", line 113, in _get_response
    response = wrapped_callback(request, *callback_args, **callback_kwargs)
  File "C:\Anone\venv_HelloAliber\lib\site-packages\django\views\generic\base.py", line 71, in view
    return self.dispatch(request, *args, **kwargs)
  File "C:\Anone\venv_HelloAliber\lib\site-packages\django\views\generic\base.py", line 97, in dispatch
    return handler(request, *args, **kwargs)
  File "C:\Anone\venv_HelloAliber\lib\site-packages\allauth\account\views.py", line 103, in post
    if form.is_valid():
  File "C:\Anone\venv_HelloAliber\lib\site-packages\django\forms\forms.py", line 180, in is_valid
    return self.is_bound and not self.errors
  File "C:\Anone\venv_HelloAliber\lib\site-packages\django\forms\forms.py", line 175, in errors
    self.full_clean()
  File "C:\Anone\venv_HelloAliber\lib\site-packages\django\forms\forms.py", line 376, in full_clean
    self._clean_fields()
  File "C:\Anone\venv_HelloAliber\lib\site-packages\django\forms\forms.py", line 397, in _clean_fields
    value = getattr(self, 'clean_%s' % name)()
  File "C:\Anone\venv_HelloAliber\HelloAliber\accounts\forms.py", line 28, in clean_last_name
    super().clean_email()
  File "C:\Anone\venv_HelloAliber\lib\site-packages\allauth\account\forms.py", line 499, in clean_email
    email = self.cleaned_data["email"]
KeyError: 'email'
[ERROR]	asctime:2020-08-18 14:14:50,672	module:basehttp	message:"POST /accounts/password/reset/ HTTP/1.1" 500 116777	process:1120	thread:2856
[INFO]	asctime:2020-08-18 14:15:24,320	module:autoreload	message:Watching for file changes with StatReloader	process:7292	thread:10928
[INFO]	asctime:2020-08-18 14:16:41,916	module:basehttp	message:"POST /accounts/password/reset/ HTTP/1.1" 200 12473	process:7292	thread:8412
[INFO]	asctime:2020-08-18 14:16:51,363	module:basehttp	message:"POST /accounts/password/reset/ HTTP/1.1" 200 12447	process:7292	thread:8412
[INFO]	asctime:2020-08-18 14:35:40,817	module:basehttp	message:"POST /accounts/password/reset/ HTTP/1.1" 302 0	process:7292	thread:8612
[INFO]	asctime:2020-08-18 14:35:40,848	module:basehttp	message:"GET /accounts/password/reset/done/ HTTP/1.1" 200 11533	process:7292	thread:8612
[INFO]	asctime:2020-08-18 14:35:52,651	module:basehttp	message:"GET /accounts/password/reset/key/1-5j5-edb7fd39902887f6ff3d/ HTTP/1.1" 302 0	process:7292	thread:8612
[INFO]	asctime:2020-08-18 14:35:52,921	module:basehttp	message:"GET /accounts/password/reset/key/1-set-password/ HTTP/1.1" 200 12209	process:7292	thread:8612
[INFO]	asctime:2020-08-18 14:36:01,534	module:basehttp	message:"POST /accounts/password/reset/key/1-set-password/ HTTP/1.1" 200 12314	process:7292	thread:8612
[INFO]	asctime:2020-08-18 14:36:17,525	module:basehttp	message:"POST /accounts/password/reset/key/1-set-password/ HTTP/1.1" 200 12389	process:7292	thread:8612
[INFO]	asctime:2020-08-18 14:37:31,893	module:autoreload	message:C:\Anone\venv_HelloAliber\HelloAliber\HelloAliber\settings_common.py changed, reloading.	process:7292	thread:10928
[INFO]	asctime:2020-08-18 14:37:33,258	module:autoreload	message:Watching for file changes with StatReloader	process:4340	thread:1444
[INFO]	asctime:2020-08-18 14:37:41,850	module:basehttp	message:"POST /accounts/password/reset/key/1-set-password/ HTTP/1.1" 200 12297	process:4340	thread:2380
[INFO]	asctime:2020-08-18 14:37:52,550	module:basehttp	message:"POST /accounts/password/reset/key/1-set-password/ HTTP/1.1" 302 0	process:4340	thread:2380
[INFO]	asctime:2020-08-18 14:37:52,724	module:basehttp	message:"GET /accounts/password/reset/key/done/ HTTP/1.1" 200 11960	process:4340	thread:2380
[INFO]	asctime:2020-08-18 14:37:56,135	module:basehttp	message:"GET / HTTP/1.1" 200 9323	process:4340	thread:2380
[INFO]	asctime:2020-08-18 14:37:57,192	module:basehttp	message:"GET /accounts/password/reset/ HTTP/1.1" 200 12295	process:4340	thread:2380
[INFO]	asctime:2020-08-18 14:39:04,191	module:autoreload	message:C:\Anone\venv_HelloAliber\HelloAliber\accounts\forms.py changed, reloading.	process:4340	thread:1444
[INFO]	asctime:2020-08-18 14:39:05,566	module:autoreload	message:Watching for file changes with StatReloader	process:13296	thread:9852
[INFO]	asctime:2020-08-18 14:39:20,232	module:basehttp	message:"POST /accounts/password/reset/ HTTP/1.1" 200 12444	process:13296	thread:1668
[INFO]	asctime:2020-08-18 14:42:51,230	module:autoreload	message:C:\Anone\venv_HelloAliber\HelloAliber\accounts\forms.py changed, reloading.	process:13296	thread:9852
[INFO]	asctime:2020-08-18 14:42:52,510	module:autoreload	message:Watching for file changes with StatReloader	process:13612	thread:7048
[INFO]	asctime:2020-08-18 15:36:47,735	module:basehttp	message:"GET / HTTP/1.1" 200 9323	process:13612	thread:14804
[INFO]	asctime:2020-08-18 15:36:48,937	module:basehttp	message:"GET /accounts/password/reset/ HTTP/1.1" 200 12418	process:13612	thread:14804
[INFO]	asctime:2020-08-18 15:38:57,368	module:basehttp	message:"GET /accounts/password/reset/ HTTP/1.1" 200 12442	process:13612	thread:14804
[INFO]	asctime:2020-08-18 15:38:59,436	module:basehttp	message:"GET /accounts/login/ HTTP/1.1" 200 12306	process:13612	thread:14804
[INFO]	asctime:2020-08-18 15:39:28,821	module:basehttp	message:"GET /accounts/password/reset/ HTTP/1.1" 200 12458	process:13612	thread:14804
[INFO]	asctime:2020-08-18 15:39:31,183	module:basehttp	message:"GET /accounts/login/ HTTP/1.1" 200 12304	process:13612	thread:14804
[INFO]	asctime:2020-08-18 15:39:32,306	module:basehttp	message:"GET /accounts/password/reset/ HTTP/1.1" 200 12458	process:13612	thread:14804
[INFO]	asctime:2020-08-18 15:46:47,967	module:autoreload	message:C:\Anone\venv_HelloAliber\HelloAliber\accounts\forms.py changed, reloading.	process:13612	thread:7048
[INFO]	asctime:2020-08-18 15:46:49,341	module:autoreload	message:Watching for file changes with StatReloader	process:11124	thread:9964
[INFO]	asctime:2020-08-18 17:37:20,390	module:autoreload	message:Watching for file changes with StatReloader	process:1576	thread:10980
[ERROR]	asctime:2020-08-18 17:37:27,153	module:log	message:Internal Server Error: /accounts/password/reset/	process:1576	thread:10068
Traceback (most recent call last):
  File "C:\Anone\venv_HelloAliber\lib\site-packages\django\core\handlers\exception.py", line 34, in inner
    response = get_response(request)
  File "C:\Anone\venv_HelloAliber\lib\site-packages\django\core\handlers\base.py", line 115, in _get_response
    response = self.process_exception_by_middleware(e, request)
  File "C:\Anone\venv_HelloAliber\lib\site-packages\django\core\handlers\base.py", line 113, in _get_response
    response = wrapped_callback(request, *callback_args, **callback_kwargs)
  File "C:\Anone\venv_HelloAliber\lib\site-packages\django\views\generic\base.py", line 71, in view
    return self.dispatch(request, *args, **kwargs)
  File "C:\Anone\venv_HelloAliber\lib\site-packages\django\views\generic\base.py", line 97, in dispatch
    return handler(request, *args, **kwargs)
  File "C:\Anone\venv_HelloAliber\lib\site-packages\allauth\account\views.py", line 101, in post
    form_class = self.get_form_class()
  File "C:\Anone\venv_HelloAliber\lib\site-packages\allauth\account\views.py", line 640, in get_form_class
    return get_form_class(app_settings.FORMS,
  File "C:\Anone\venv_HelloAliber\lib\site-packages\allauth\utils.py", line 302, in get_form_class
    form_class = import_attribute(form_class)
  File "C:\Anone\venv_HelloAliber\lib\site-packages\allauth\utils.py", line 152, in import_attribute
    ret = getattr(importlib.import_module(pkg), attr)
  File "C:\Users\Aliber-ning_wen\AppData\Local\Programs\Python\Python38-32\lib\importlib\__init__.py", line 127, in import_module
    return _bootstrap._gcd_import(name[level:], package, level)
  File "<frozen importlib._bootstrap>", line 1014, in _gcd_import
  File "<frozen importlib._bootstrap>", line 991, in _find_and_load
  File "<frozen importlib._bootstrap>", line 975, in _find_and_load_unlocked
  File "<frozen importlib._bootstrap>", line 671, in _load_unlocked
  File "<frozen importlib._bootstrap_external>", line 779, in exec_module
  File "<frozen importlib._bootstrap_external>", line 916, in get_code
  File "<frozen importlib._bootstrap_external>", line 846, in source_to_code
  File "<frozen importlib._bootstrap>", line 219, in _call_with_frames_removed
  File "C:\Anone\venv_HelloAliber\HelloAliber\accounts\forms.py", line 8
    from __future__ import absolute_import
    ^
SyntaxError: from __future__ imports must occur at the beginning of the file
[ERROR]	asctime:2020-08-18 17:37:27,215	module:basehttp	message:"POST /accounts/password/reset/ HTTP/1.1" 500 145572	process:1576	thread:10068
[ERROR]	asctime:2020-08-18 17:40:44,745	module:log	message:Internal Server Error: /accounts/password/reset/	process:1576	thread:10068
Traceback (most recent call last):
  File "C:\Anone\venv_HelloAliber\lib\site-packages\django\core\handlers\exception.py", line 34, in inner
    response = get_response(request)
  File "C:\Anone\venv_HelloAliber\lib\site-packages\django\core\handlers\base.py", line 115, in _get_response
    response = self.process_exception_by_middleware(e, request)
  File "C:\Anone\venv_HelloAliber\lib\site-packages\django\core\handlers\base.py", line 113, in _get_response
    response = wrapped_callback(request, *callback_args, **callback_kwargs)
  File "C:\Anone\venv_HelloAliber\lib\site-packages\django\views\generic\base.py", line 71, in view
    return self.dispatch(request, *args, **kwargs)
  File "C:\Anone\venv_HelloAliber\lib\site-packages\django\views\generic\base.py", line 97, in dispatch
    return handler(request, *args, **kwargs)
  File "C:\Anone\venv_HelloAliber\lib\site-packages\allauth\account\views.py", line 101, in post
    form_class = self.get_form_class()
  File "C:\Anone\venv_HelloAliber\lib\site-packages\allauth\account\views.py", line 640, in get_form_class
    return get_form_class(app_settings.FORMS,
  File "C:\Anone\venv_HelloAliber\lib\site-packages\allauth\utils.py", line 302, in get_form_class
    form_class = import_attribute(form_class)
  File "C:\Anone\venv_HelloAliber\lib\site-packages\allauth\utils.py", line 152, in import_attribute
    ret = getattr(importlib.import_module(pkg), attr)
  File "C:\Users\Aliber-ning_wen\AppData\Local\Programs\Python\Python38-32\lib\importlib\__init__.py", line 127, in import_module
    return _bootstrap._gcd_import(name[level:], package, level)
  File "<frozen importlib._bootstrap>", line 1014, in _gcd_import
  File "<frozen importlib._bootstrap>", line 991, in _find_and_load
  File "<frozen importlib._bootstrap>", line 975, in _find_and_load_unlocked
  File "<frozen importlib._bootstrap>", line 671, in _load_unlocked
  File "<frozen importlib._bootstrap_external>", line 779, in exec_module
  File "<frozen importlib._bootstrap_external>", line 916, in get_code
  File "<frozen importlib._bootstrap_external>", line 846, in source_to_code
  File "<frozen importlib._bootstrap>", line 219, in _call_with_frames_removed
  File "C:\Anone\venv_HelloAliber\HelloAliber\accounts\forms.py", line 8
    from __future__ import absolute_import
    ^
SyntaxError: from __future__ imports must occur at the beginning of the file
[ERROR]	asctime:2020-08-18 17:40:44,781	module:basehttp	message:"POST /accounts/password/reset/ HTTP/1.1" 500 145572	process:1576	thread:10068
[INFO]	asctime:2020-08-18 17:42:21,175	module:basehttp	message:"POST /accounts/password/reset/ HTTP/1.1" 302 0	process:1576	thread:10068
[INFO]	asctime:2020-08-18 17:42:21,311	module:basehttp	message:"GET /accounts/password/reset/done/ HTTP/1.1" 200 11530	process:1576	thread:10068
[INFO]	asctime:2020-08-18 17:42:49,157	module:basehttp	message:"GET /accounts/password/reset/key/1-5j5-d021adec0fbba5be64d0/ HTTP/1.1" 302 0	process:1576	thread:10068
[INFO]	asctime:2020-08-18 17:42:49,421	module:basehttp	message:"GET /accounts/password/reset/key/1-set-password/ HTTP/1.1" 200 12209	process:1576	thread:10068
[INFO]	asctime:2020-08-18 17:43:02,305	module:basehttp	message:"POST /accounts/password/reset/key/1-set-password/ HTTP/1.1" 302 0	process:1576	thread:10068
[INFO]	asctime:2020-08-18 17:43:02,464	module:basehttp	message:"GET /accounts/password/reset/key/done/ HTTP/1.1" 200 11960	process:1576	thread:10068
[INFO]	asctime:2020-08-18 17:46:32,809	module:basehttp	message:"GET / HTTP/1.1" 200 9323	process:1576	thread:10068
[INFO]	asctime:2020-08-18 17:46:35,042	module:basehttp	message:"GET /accounts/password/reset/ HTTP/1.1" 200 12475	process:1576	thread:10068
[INFO]	asctime:2020-08-18 17:46:38,258	module:basehttp	message:"GET /accounts/login/ HTTP/1.1" 200 12304	process:1576	thread:10068
[INFO]	asctime:2020-08-18 17:49:09,110	module:basehttp	message:"GET /accounts/login/ HTTP/1.1" 200 12304	process:1576	thread:10068
[WARNING]	asctime:2020-08-18 17:49:25,497	module:log	message:Not Found: /accounts/signin	process:1576	thread:10068
[WARNING]	asctime:2020-08-18 17:49:25,497	module:basehttp	message:"GET /accounts/signin HTTP/1.1" 404 14818	process:1576	thread:10068
[INFO]	asctime:2020-08-18 17:49:38,378	module:basehttp	message:"GET /accounts/signup HTTP/1.1" 301 0	process:1576	thread:10068
[INFO]	asctime:2020-08-18 17:49:38,532	module:basehttp	message:"GET /accounts/signup/ HTTP/1.1" 200 12291	process:1576	thread:10068
[INFO]	asctime:2020-08-18 18:01:24,099	module:autoreload	message:C:\Anone\venv_HelloAliber\HelloAliber\accounts\forms.py changed, reloading.	process:1576	thread:10980
[INFO]	asctime:2020-08-18 18:01:25,454	module:autoreload	message:Watching for file changes with StatReloader	process:12992	thread:13848
[INFO]	asctime:2020-08-18 18:01:28,591	module:basehttp	message:"GET /accounts/login/ HTTP/1.1" 200 12306	process:12992	thread:12684
[INFO]	asctime:2020-08-18 18:01:29,812	module:basehttp	message:"GET /accounts/password/reset/ HTTP/1.1" 200 12475	process:12992	thread:12684
[INFO]	asctime:2020-08-18 18:02:18,997	module:autoreload	message:C:\Anone\venv_HelloAliber\Lib\site-packages\allauth\account\forms.py changed, reloading.	process:12992	thread:13848
[INFO]	asctime:2020-08-18 18:02:20,275	module:autoreload	message:Watching for file changes with StatReloader	process:3452	thread:1856
[ERROR]	asctime:2020-08-18 18:02:24,350	module:log	message:Internal Server Error: /accounts/password/reset/	process:3452	thread:14860
Traceback (most recent call last):
  File "C:\Anone\venv_HelloAliber\lib\site-packages\django\core\handlers\exception.py", line 34, in inner
    response = get_response(request)
  File "C:\Anone\venv_HelloAliber\lib\site-packages\django\core\handlers\base.py", line 115, in _get_response
    response = self.process_exception_by_middleware(e, request)
  File "C:\Anone\venv_HelloAliber\lib\site-packages\django\core\handlers\base.py", line 113, in _get_response
    response = wrapped_callback(request, *callback_args, **callback_kwargs)
  File "C:\Anone\venv_HelloAliber\lib\site-packages\django\views\generic\base.py", line 71, in view
    return self.dispatch(request, *args, **kwargs)
  File "C:\Anone\venv_HelloAliber\lib\site-packages\django\views\generic\base.py", line 97, in dispatch
    return handler(request, *args, **kwargs)
  File "C:\Anone\venv_HelloAliber\lib\site-packages\allauth\account\views.py", line 104, in post
    response = self.form_valid(form)
  File "C:\Anone\venv_HelloAliber\lib\site-packages\allauth\account\views.py", line 645, in form_valid
    form.save(self.request)
  File "C:\Anone\venv_HelloAliber\HelloAliber\accounts\forms.py", line 58, in save
    super().save(self, request, **kwargs)
TypeError: save() takes 2 positional arguments but 3 were given
[ERROR]	asctime:2020-08-18 18:02:24,480	module:basehttp	message:"POST /accounts/password/reset/ HTTP/1.1" 500 103143	process:3452	thread:14860
[INFO]	asctime:2020-08-18 18:05:59,759	module:autoreload	message:C:\Anone\venv_HelloAliber\HelloAliber\accounts\forms.py changed, reloading.	process:3452	thread:1856
[INFO]	asctime:2020-08-18 18:06:01,046	module:autoreload	message:Watching for file changes with StatReloader	process:10032	thread:6792
[INFO]	asctime:2020-08-18 18:06:28,137	module:basehttp	message:"POST /accounts/password/reset/ HTTP/1.1" 302 0	process:10032	thread:1864
[INFO]	asctime:2020-08-18 18:06:28,285	module:basehttp	message:"GET /accounts/password/reset/done/ HTTP/1.1" 200 11530	process:10032	thread:1864
[INFO]	asctime:2020-08-18 18:08:28,127	module:basehttp	message:"GET /accounts/password/reset/key/1-5j5-2fbe3d0cbc81c64a442e/ HTTP/1.1" 302 0	process:10032	thread:1864
[INFO]	asctime:2020-08-18 18:08:28,379	module:basehttp	message:"GET /accounts/password/reset/key/1-set-password/ HTTP/1.1" 200 12209	process:10032	thread:1864
[INFO]	asctime:2020-08-18 18:08:37,784	module:basehttp	message:"POST /accounts/password/reset/key/1-set-password/ HTTP/1.1" 302 0	process:10032	thread:1864
[INFO]	asctime:2020-08-18 18:08:37,923	module:basehttp	message:"GET /accounts/password/reset/key/done/ HTTP/1.1" 200 11960	process:10032	thread:1864
[INFO]	asctime:2020-08-18 18:13:42,583	module:autoreload	message:C:\Anone\venv_HelloAliber\HelloAliber\profile_app\views.py changed, reloading.	process:10032	thread:6792
[INFO]	asctime:2020-08-18 18:13:43,924	module:autoreload	message:Watching for file changes with StatReloader	process:8628	thread:10544
[INFO]	asctime:2020-08-18 18:18:20,441	module:autoreload	message:C:\Anone\venv_HelloAliber\HelloAliber\profile_app\views.py changed, reloading.	process:8628	thread:10544
[INFO]	asctime:2020-08-18 18:18:21,728	module:autoreload	message:Watching for file changes with StatReloader	process:9960	thread:2284
[INFO]	asctime:2020-08-18 18:19:06,937	module:autoreload	message:C:\Anone\venv_HelloAliber\HelloAliber\profile_app\views.py changed, reloading.	process:9960	thread:2284
[INFO]	asctime:2020-08-18 18:19:08,204	module:autoreload	message:Watching for file changes with StatReloader	process:14420	thread:4340
[INFO]	asctime:2020-08-18 18:19:24,074	module:autoreload	message:C:\Anone\venv_HelloAliber\HelloAliber\profile_app\views.py changed, reloading.	process:14420	thread:4340
[INFO]	asctime:2020-08-18 18:19:25,331	module:autoreload	message:Watching for file changes with StatReloader	process:7440	thread:10784
[INFO]	asctime:2020-08-18 18:19:41,172	module:autoreload	message:C:\Anone\venv_HelloAliber\HelloAliber\profile_app\views.py changed, reloading.	process:7440	thread:10784
[INFO]	asctime:2020-08-18 18:19:42,502	module:autoreload	message:Watching for file changes with StatReloader	process:15032	thread:11704
[INFO]	asctime:2020-08-18 18:22:14,300	module:autoreload	message:C:\Anone\venv_HelloAliber\HelloAliber\profile_app\urls.py changed, reloading.	process:15032	thread:11704
[INFO]	asctime:2020-08-18 18:22:15,631	module:autoreload	message:Watching for file changes with StatReloader	process:2736	thread:4880
[INFO]	asctime:2020-08-18 18:48:19,572	module:autoreload	message:Watching for file changes with StatReloader	process:7136	thread:14916
[INFO]	asctime:2020-08-18 18:48:26,845	module:basehttp	message:"GET / HTTP/1.1" 200 9323	process:7136	thread:3952
[INFO]	asctime:2020-08-18 18:48:28,602	module:basehttp	message:"GET /accounts/login/ HTTP/1.1" 200 12306	process:7136	thread:3952
[ERROR]	asctime:2020-08-18 18:48:38,178	module:log	message:Internal Server Error: /accounts/login/	process:7136	thread:3952
Traceback (most recent call last):
  File "C:\Anone\venv_HelloAliber\lib\site-packages\django\urls\base.py", line 72, in reverse
    extra, resolver = resolver.namespace_dict[ns]
KeyError: 'HelloAliber'

During handling of the above exception, another exception occurred:

Traceback (most recent call last):
  File "C:\Anone\venv_HelloAliber\lib\site-packages\django\core\handlers\exception.py", line 34, in inner
    response = get_response(request)
  File "C:\Anone\venv_HelloAliber\lib\site-packages\django\core\handlers\base.py", line 115, in _get_response
    response = self.process_exception_by_middleware(e, request)
  File "C:\Anone\venv_HelloAliber\lib\site-packages\django\core\handlers\base.py", line 113, in _get_response
    response = wrapped_callback(request, *callback_args, **callback_kwargs)
  File "C:\Anone\venv_HelloAliber\lib\site-packages\django\views\generic\base.py", line 71, in view
    return self.dispatch(request, *args, **kwargs)
  File "C:\Anone\venv_HelloAliber\lib\site-packages\django\utils\decorators.py", line 43, in _wrapper
    return bound_method(*args, **kwargs)
  File "C:\Anone\venv_HelloAliber\lib\site-packages\django\views\decorators\debug.py", line 76, in sensitive_post_parameters_wrapper
    return view(request, *args, **kwargs)
  File "C:\Anone\venv_HelloAliber\lib\site-packages\allauth\account\views.py", line 138, in dispatch
    return super(LoginView, self).dispatch(request, *args, **kwargs)
  File "C:\Anone\venv_HelloAliber\lib\site-packages\allauth\account\views.py", line 78, in dispatch
    response = super(RedirectAuthenticatedUserMixin,
  File "C:\Anone\venv_HelloAliber\lib\site-packages\django\views\generic\base.py", line 97, in dispatch
    return handler(request, *args, **kwargs)
  File "C:\Anone\venv_HelloAliber\lib\site-packages\allauth\account\views.py", line 104, in post
    response = self.form_valid(form)
  File "C:\Anone\venv_HelloAliber\lib\site-packages\allauth\account\views.py", line 151, in form_valid
    return form.login(self.request, redirect_url=success_url)
  File "C:\Anone\venv_HelloAliber\lib\site-packages\allauth\account\forms.py", line 195, in login
    ret = perform_login(request, self.user,
  File "C:\Anone\venv_HelloAliber\lib\site-packages\allauth\account\utils.py", line 161, in perform_login
    get_login_redirect_url(request, redirect_url))
  File "C:\Anone\venv_HelloAliber\lib\site-packages\allauth\account\utils.py", line 60, in get_login_redirect_url
    get_adapter(request).get_login_redirect_url(request))
  File "C:\Anone\venv_HelloAliber\lib\site-packages\allauth\account\adapter.py", line 153, in get_login_redirect_url
    return resolve_url(url)
  File "C:\Anone\venv_HelloAliber\lib\site-packages\django\shortcuts.py", line 131, in resolve_url
    return reverse(to, args=args, kwargs=kwargs)
  File "C:\Anone\venv_HelloAliber\lib\site-packages\django\urls\base.py", line 83, in reverse
    raise NoReverseMatch("%s is not a registered namespace" % key)
django.urls.exceptions.NoReverseMatch: 'HelloAliber' is not a registered namespace
[ERROR]	asctime:2020-08-18 18:48:38,304	module:basehttp	message:"POST /accounts/login/ HTTP/1.1" 500 148049	process:7136	thread:3952
[INFO]	asctime:2020-08-18 18:50:37,838	module:autoreload	message:C:\Anone\venv_HelloAliber\HelloAliber\HelloAliber\settings_common.py changed, reloading.	process:7136	thread:14916
[INFO]	asctime:2020-08-18 18:50:39,125	module:autoreload	message:Watching for file changes with StatReloader	process:12732	thread:15128
[WARNING]	asctime:2020-08-18 18:50:39,770	module:log	message:Forbidden (CSRF token missing or incorrect.): /accounts/login/	process:12732	thread:8544
[WARNING]	asctime:2020-08-18 18:50:39,881	module:basehttp	message:"POST /accounts/login/ HTTP/1.1" 403 11517	process:12732	thread:8544
[INFO]	asctime:2020-08-18 18:50:50,095	module:basehttp	message:"GET / HTTP/1.1" 200 9326	process:12732	thread:8544
[INFO]	asctime:2020-08-18 18:50:51,571	module:basehttp	message:"GET /accounts/login/ HTTP/1.1" 200 12304	process:12732	thread:8544
[ERROR]	asctime:2020-08-18 18:50:58,157	module:log	message:Internal Server Error: /accounts/login/	process:12732	thread:8544
Traceback (most recent call last):
  File "C:\Anone\venv_HelloAliber\lib\site-packages\django\core\handlers\exception.py", line 34, in inner
    response = get_response(request)
  File "C:\Anone\venv_HelloAliber\lib\site-packages\django\core\handlers\base.py", line 115, in _get_response
    response = self.process_exception_by_middleware(e, request)
  File "C:\Anone\venv_HelloAliber\lib\site-packages\django\core\handlers\base.py", line 113, in _get_response
    response = wrapped_callback(request, *callback_args, **callback_kwargs)
  File "C:\Anone\venv_HelloAliber\lib\site-packages\django\views\generic\base.py", line 71, in view
    return self.dispatch(request, *args, **kwargs)
  File "C:\Anone\venv_HelloAliber\lib\site-packages\django\utils\decorators.py", line 43, in _wrapper
    return bound_method(*args, **kwargs)
  File "C:\Anone\venv_HelloAliber\lib\site-packages\django\views\decorators\debug.py", line 76, in sensitive_post_parameters_wrapper
    return view(request, *args, **kwargs)
  File "C:\Anone\venv_HelloAliber\lib\site-packages\allauth\account\views.py", line 138, in dispatch
    return super(LoginView, self).dispatch(request, *args, **kwargs)
  File "C:\Anone\venv_HelloAliber\lib\site-packages\allauth\account\views.py", line 78, in dispatch
    response = super(RedirectAuthenticatedUserMixin,
  File "C:\Anone\venv_HelloAliber\lib\site-packages\django\views\generic\base.py", line 97, in dispatch
    return handler(request, *args, **kwargs)
  File "C:\Anone\venv_HelloAliber\lib\site-packages\allauth\account\views.py", line 104, in post
    response = self.form_valid(form)
  File "C:\Anone\venv_HelloAliber\lib\site-packages\allauth\account\views.py", line 151, in form_valid
    return form.login(self.request, redirect_url=success_url)
  File "C:\Anone\venv_HelloAliber\lib\site-packages\allauth\account\forms.py", line 195, in login
    ret = perform_login(request, self.user,
  File "C:\Anone\venv_HelloAliber\lib\site-packages\allauth\account\utils.py", line 161, in perform_login
    get_login_redirect_url(request, redirect_url))
  File "C:\Anone\venv_HelloAliber\lib\site-packages\allauth\account\utils.py", line 60, in get_login_redirect_url
    get_adapter(request).get_login_redirect_url(request))
  File "C:\Anone\venv_HelloAliber\lib\site-packages\allauth\account\adapter.py", line 153, in get_login_redirect_url
    return resolve_url(url)
  File "C:\Anone\venv_HelloAliber\lib\site-packages\django\shortcuts.py", line 131, in resolve_url
    return reverse(to, args=args, kwargs=kwargs)
  File "C:\Anone\venv_HelloAliber\lib\site-packages\django\urls\base.py", line 87, in reverse
    return iri_to_uri(resolver._reverse_with_prefix(view, prefix, *args, **kwargs))
  File "C:\Anone\venv_HelloAliber\lib\site-packages\django\urls\resolvers.py", line 677, in _reverse_with_prefix
    raise NoReverseMatch(msg)
django.urls.exceptions.NoReverseMatch: Reverse for 'profile' not found. 'profile' is not a valid view function or pattern name.
[ERROR]	asctime:2020-08-18 18:50:58,259	module:basehttp	message:"POST /accounts/login/ HTTP/1.1" 500 146811	process:12732	thread:8544
[INFO]	asctime:2020-08-18 18:51:37,590	module:autoreload	message:C:\Anone\venv_HelloAliber\HelloAliber\HelloAliber\settings_common.py changed, reloading.	process:12732	thread:15128
[INFO]	asctime:2020-08-18 18:51:38,848	module:autoreload	message:Watching for file changes with StatReloader	process:14076	thread:13976
[INFO]	asctime:2020-08-18 18:51:40,723	module:basehttp	message:"GET / HTTP/1.1" 200 9326	process:14076	thread:6632
[INFO]	asctime:2020-08-18 18:51:42,170	module:basehttp	message:"GET /accounts/login/ HTTP/1.1" 200 12304	process:14076	thread:6632
[INFO]	asctime:2020-08-18 18:51:48,748	module:basehttp	message:"POST /accounts/login/ HTTP/1.1" 302 0	process:14076	thread:6632
[ERROR]	asctime:2020-08-18 18:51:49,190	module:log	message:Internal Server Error: /employee	process:14076	thread:6632
Traceback (most recent call last):
  File "C:\Anone\venv_HelloAliber\lib\site-packages\django\template\smartif.py", line 175, in translate_token
    op = OPERATORS[token]
KeyError: 'object_list.gender==0'

During handling of the above exception, another exception occurred:

Traceback (most recent call last):
  File "C:\Anone\venv_HelloAliber\lib\site-packages\django\core\handlers\exception.py", line 34, in inner
    response = get_response(request)
  File "C:\Anone\venv_HelloAliber\lib\site-packages\django\core\handlers\base.py", line 145, in _get_response
    response = self.process_exception_by_middleware(e, request)
  File "C:\Anone\venv_HelloAliber\lib\site-packages\django\core\handlers\base.py", line 143, in _get_response
    response = response.render()
  File "C:\Anone\venv_HelloAliber\lib\site-packages\django\template\response.py", line 105, in render
    self.content = self.rendered_content
  File "C:\Anone\venv_HelloAliber\lib\site-packages\django\template\response.py", line 81, in rendered_content
    template = self.resolve_template(self.template_name)
  File "C:\Anone\venv_HelloAliber\lib\site-packages\django\template\response.py", line 63, in resolve_template
    return select_template(template, using=self.using)
  File "C:\Anone\venv_HelloAliber\lib\site-packages\django\template\loader.py", line 42, in select_template
    return engine.get_template(template_name)
  File "C:\Anone\venv_HelloAliber\lib\site-packages\django\template\backends\django.py", line 34, in get_template
    return Template(self.engine.get_template(template_name), self)
  File "C:\Anone\venv_HelloAliber\lib\site-packages\django\template\engine.py", line 143, in get_template
    template, origin = self.find_template(template_name)
  File "C:\Anone\venv_HelloAliber\lib\site-packages\django\template\engine.py", line 125, in find_template
    template = loader.get_template(name, skip=skip)
  File "C:\Anone\venv_HelloAliber\lib\site-packages\django\template\loaders\base.py", line 29, in get_template
    return Template(
  File "C:\Anone\venv_HelloAliber\lib\site-packages\django\template\base.py", line 156, in __init__
    self.nodelist = self.compile_nodelist()
  File "C:\Anone\venv_HelloAliber\lib\site-packages\django\template\base.py", line 194, in compile_nodelist
    return parser.parse()
  File "C:\Anone\venv_HelloAliber\lib\site-packages\django\template\base.py", line 477, in parse
    raise self.error(token, e)
  File "C:\Anone\venv_HelloAliber\lib\site-packages\django\template\base.py", line 475, in parse
    compiled_result = compile_func(self, token)
  File "C:\Anone\venv_HelloAliber\lib\site-packages\django\template\loader_tags.py", line 266, in do_extends
    nodelist = parser.parse()
  File "C:\Anone\venv_HelloAliber\lib\site-packages\django\template\base.py", line 477, in parse
    raise self.error(token, e)
  File "C:\Anone\venv_HelloAliber\lib\site-packages\django\template\base.py", line 475, in parse
    compiled_result = compile_func(self, token)
  File "C:\Anone\venv_HelloAliber\lib\site-packages\django\template\loader_tags.py", line 209, in do_block
    nodelist = parser.parse(('endblock',))
  File "C:\Anone\venv_HelloAliber\lib\site-packages\django\template\base.py", line 477, in parse
    raise self.error(token, e)
  File "C:\Anone\venv_HelloAliber\lib\site-packages\django\template\base.py", line 475, in parse
    compiled_result = compile_func(self, token)
  File "C:\Anone\venv_HelloAliber\lib\site-packages\django\template\defaulttags.py", line 952, in do_if
    nodelist = parser.parse(('elif', 'else', 'endif'))
  File "C:\Anone\venv_HelloAliber\lib\site-packages\django\template\base.py", line 477, in parse
    raise self.error(token, e)
  File "C:\Anone\venv_HelloAliber\lib\site-packages\django\template\base.py", line 475, in parse
    compiled_result = compile_func(self, token)
  File "C:\Anone\venv_HelloAliber\lib\site-packages\django\template\defaulttags.py", line 951, in do_if
    condition = TemplateIfParser(parser, bits).parse()
  File "C:\Anone\venv_HelloAliber\lib\site-packages\django\template\defaulttags.py", line 884, in __init__
    super().__init__(*args, **kwargs)
  File "C:\Anone\venv_HelloAliber\lib\site-packages\django\template\smartif.py", line 166, in __init__
    mapped_tokens.append(self.translate_token(token))
  File "C:\Anone\venv_HelloAliber\lib\site-packages\django\template\smartif.py", line 177, in translate_token
    return self.create_var(token)
  File "C:\Anone\venv_HelloAliber\lib\site-packages\django\template\defaulttags.py", line 887, in create_var
    return TemplateLiteral(self.template_parser.compile_filter(value), value)
  File "C:\Anone\venv_HelloAliber\lib\site-packages\django\template\base.py", line 562, in compile_filter
    return FilterExpression(token, self)
  File "C:\Anone\venv_HelloAliber\lib\site-packages\django\template\base.py", line 661, in __init__
    raise TemplateSyntaxError("Could not parse the remainder: '%s' "
django.template.exceptions.TemplateSyntaxError: Could not parse the remainder: '==0' from 'object_list.gender==0'
[ERROR]	asctime:2020-08-18 18:51:49,247	module:basehttp	message:"GET /employee HTTP/1.1" 500 227558	process:14076	thread:6632
[ERROR]	asctime:2020-08-18 18:52:45,755	module:log	message:Internal Server Error: /employee	process:14076	thread:6632
Traceback (most recent call last):
  File "C:\Anone\venv_HelloAliber\lib\site-packages\django\template\smartif.py", line 175, in translate_token
    op = OPERATORS[token]
KeyError: 'object_list.nationality!=""'

During handling of the above exception, another exception occurred:

Traceback (most recent call last):
  File "C:\Anone\venv_HelloAliber\lib\site-packages\django\core\handlers\exception.py", line 34, in inner
    response = get_response(request)
  File "C:\Anone\venv_HelloAliber\lib\site-packages\django\core\handlers\base.py", line 145, in _get_response
    response = self.process_exception_by_middleware(e, request)
  File "C:\Anone\venv_HelloAliber\lib\site-packages\django\core\handlers\base.py", line 143, in _get_response
    response = response.render()
  File "C:\Anone\venv_HelloAliber\lib\site-packages\django\template\response.py", line 105, in render
    self.content = self.rendered_content
  File "C:\Anone\venv_HelloAliber\lib\site-packages\django\template\response.py", line 81, in rendered_content
    template = self.resolve_template(self.template_name)
  File "C:\Anone\venv_HelloAliber\lib\site-packages\django\template\response.py", line 63, in resolve_template
    return select_template(template, using=self.using)
  File "C:\Anone\venv_HelloAliber\lib\site-packages\django\template\loader.py", line 42, in select_template
    return engine.get_template(template_name)
  File "C:\Anone\venv_HelloAliber\lib\site-packages\django\template\backends\django.py", line 34, in get_template
    return Template(self.engine.get_template(template_name), self)
  File "C:\Anone\venv_HelloAliber\lib\site-packages\django\template\engine.py", line 143, in get_template
    template, origin = self.find_template(template_name)
  File "C:\Anone\venv_HelloAliber\lib\site-packages\django\template\engine.py", line 125, in find_template
    template = loader.get_template(name, skip=skip)
  File "C:\Anone\venv_HelloAliber\lib\site-packages\django\template\loaders\base.py", line 29, in get_template
    return Template(
  File "C:\Anone\venv_HelloAliber\lib\site-packages\django\template\base.py", line 156, in __init__
    self.nodelist = self.compile_nodelist()
  File "C:\Anone\venv_HelloAliber\lib\site-packages\django\template\base.py", line 194, in compile_nodelist
    return parser.parse()
  File "C:\Anone\venv_HelloAliber\lib\site-packages\django\template\base.py", line 477, in parse
    raise self.error(token, e)
  File "C:\Anone\venv_HelloAliber\lib\site-packages\django\template\base.py", line 475, in parse
    compiled_result = compile_func(self, token)
  File "C:\Anone\venv_HelloAliber\lib\site-packages\django\template\loader_tags.py", line 266, in do_extends
    nodelist = parser.parse()
  File "C:\Anone\venv_HelloAliber\lib\site-packages\django\template\base.py", line 477, in parse
    raise self.error(token, e)
  File "C:\Anone\venv_HelloAliber\lib\site-packages\django\template\base.py", line 475, in parse
    compiled_result = compile_func(self, token)
  File "C:\Anone\venv_HelloAliber\lib\site-packages\django\template\loader_tags.py", line 209, in do_block
    nodelist = parser.parse(('endblock',))
  File "C:\Anone\venv_HelloAliber\lib\site-packages\django\template\base.py", line 477, in parse
    raise self.error(token, e)
  File "C:\Anone\venv_HelloAliber\lib\site-packages\django\template\base.py", line 475, in parse
    compiled_result = compile_func(self, token)
  File "C:\Anone\venv_HelloAliber\lib\site-packages\django\template\defaulttags.py", line 952, in do_if
    nodelist = parser.parse(('elif', 'else', 'endif'))
  File "C:\Anone\venv_HelloAliber\lib\site-packages\django\template\base.py", line 477, in parse
    raise self.error(token, e)
  File "C:\Anone\venv_HelloAliber\lib\site-packages\django\template\base.py", line 475, in parse
    compiled_result = compile_func(self, token)
  File "C:\Anone\venv_HelloAliber\lib\site-packages\django\template\defaulttags.py", line 951, in do_if
    condition = TemplateIfParser(parser, bits).parse()
  File "C:\Anone\venv_HelloAliber\lib\site-packages\django\template\defaulttags.py", line 884, in __init__
    super().__init__(*args, **kwargs)
  File "C:\Anone\venv_HelloAliber\lib\site-packages\django\template\smartif.py", line 166, in __init__
    mapped_tokens.append(self.translate_token(token))
  File "C:\Anone\venv_HelloAliber\lib\site-packages\django\template\smartif.py", line 177, in translate_token
    return self.create_var(token)
  File "C:\Anone\venv_HelloAliber\lib\site-packages\django\template\defaulttags.py", line 887, in create_var
    return TemplateLiteral(self.template_parser.compile_filter(value), value)
  File "C:\Anone\venv_HelloAliber\lib\site-packages\django\template\base.py", line 562, in compile_filter
    return FilterExpression(token, self)
  File "C:\Anone\venv_HelloAliber\lib\site-packages\django\template\base.py", line 661, in __init__
    raise TemplateSyntaxError("Could not parse the remainder: '%s' "
django.template.exceptions.TemplateSyntaxError: Could not parse the remainder: '!=""' from 'object_list.nationality!=""'
[ERROR]	asctime:2020-08-18 18:52:45,806	module:basehttp	message:"GET /employee HTTP/1.1" 500 229555	process:14076	thread:6632
[ERROR]	asctime:2020-08-18 18:55:30,135	module:log	message:Internal Server Error: /employee	process:14076	thread:6632
Traceback (most recent call last):
  File "C:\Anone\venv_HelloAliber\lib\site-packages\django\template\base.py", line 469, in parse
    compile_func = self.tags[command]
KeyError: 'endblock'

During handling of the above exception, another exception occurred:

Traceback (most recent call last):
  File "C:\Anone\venv_HelloAliber\lib\site-packages\django\core\handlers\exception.py", line 34, in inner
    response = get_response(request)
  File "C:\Anone\venv_HelloAliber\lib\site-packages\django\core\handlers\base.py", line 145, in _get_response
    response = self.process_exception_by_middleware(e, request)
  File "C:\Anone\venv_HelloAliber\lib\site-packages\django\core\handlers\base.py", line 143, in _get_response
    response = response.render()
  File "C:\Anone\venv_HelloAliber\lib\site-packages\django\template\response.py", line 105, in render
    self.content = self.rendered_content
  File "C:\Anone\venv_HelloAliber\lib\site-packages\django\template\response.py", line 81, in rendered_content
    template = self.resolve_template(self.template_name)
  File "C:\Anone\venv_HelloAliber\lib\site-packages\django\template\response.py", line 63, in resolve_template
    return select_template(template, using=self.using)
  File "C:\Anone\venv_HelloAliber\lib\site-packages\django\template\loader.py", line 42, in select_template
    return engine.get_template(template_name)
  File "C:\Anone\venv_HelloAliber\lib\site-packages\django\template\backends\django.py", line 34, in get_template
    return Template(self.engine.get_template(template_name), self)
  File "C:\Anone\venv_HelloAliber\lib\site-packages\django\template\engine.py", line 143, in get_template
    template, origin = self.find_template(template_name)
  File "C:\Anone\venv_HelloAliber\lib\site-packages\django\template\engine.py", line 125, in find_template
    template = loader.get_template(name, skip=skip)
  File "C:\Anone\venv_HelloAliber\lib\site-packages\django\template\loaders\base.py", line 29, in get_template
    return Template(
  File "C:\Anone\venv_HelloAliber\lib\site-packages\django\template\base.py", line 156, in __init__
    self.nodelist = self.compile_nodelist()
  File "C:\Anone\venv_HelloAliber\lib\site-packages\django\template\base.py", line 194, in compile_nodelist
    return parser.parse()
  File "C:\Anone\venv_HelloAliber\lib\site-packages\django\template\base.py", line 477, in parse
    raise self.error(token, e)
  File "C:\Anone\venv_HelloAliber\lib\site-packages\django\template\base.py", line 475, in parse
    compiled_result = compile_func(self, token)
  File "C:\Anone\venv_HelloAliber\lib\site-packages\django\template\loader_tags.py", line 266, in do_extends
    nodelist = parser.parse()
  File "C:\Anone\venv_HelloAliber\lib\site-packages\django\template\base.py", line 471, in parse
    self.invalid_block_tag(token, command, parse_until)
  File "C:\Anone\venv_HelloAliber\lib\site-packages\django\template\base.py", line 530, in invalid_block_tag
    raise self.error(
django.template.exceptions.TemplateSyntaxError: Invalid block tag on line 175: 'endblock'. Did you forget to register or load this tag?
[ERROR]	asctime:2020-08-18 18:55:30,181	module:basehttp	message:"GET /employee HTTP/1.1" 500 170200	process:14076	thread:6632
[ERROR]	asctime:2020-08-18 18:55:49,355	module:log	message:Internal Server Error: /employee	process:14076	thread:6632
Traceback (most recent call last):
  File "C:\Anone\venv_HelloAliber\lib\site-packages\django\core\handlers\exception.py", line 34, in inner
    response = get_response(request)
  File "C:\Anone\venv_HelloAliber\lib\site-packages\django\core\handlers\base.py", line 145, in _get_response
    response = self.process_exception_by_middleware(e, request)
  File "C:\Anone\venv_HelloAliber\lib\site-packages\django\core\handlers\base.py", line 143, in _get_response
    response = response.render()
  File "C:\Anone\venv_HelloAliber\lib\site-packages\django\template\response.py", line 105, in render
    self.content = self.rendered_content
  File "C:\Anone\venv_HelloAliber\lib\site-packages\django\template\response.py", line 83, in rendered_content
    return template.render(context, self._request)
  File "C:\Anone\venv_HelloAliber\lib\site-packages\django\template\backends\django.py", line 61, in render
    return self.template.render(context)
  File "C:\Anone\venv_HelloAliber\lib\site-packages\django\template\base.py", line 171, in render
    return self._render(context)
  File "C:\Anone\venv_HelloAliber\lib\site-packages\django\test\utils.py", line 95, in instrumented_test_render
    return self.nodelist.render(context)
  File "C:\Anone\venv_HelloAliber\lib\site-packages\django\template\base.py", line 936, in render
    bit = node.render_annotated(context)
  File "C:\Anone\venv_HelloAliber\lib\site-packages\django\template\base.py", line 903, in render_annotated
    return self.render(context)
  File "C:\Anone\venv_HelloAliber\lib\site-packages\django\template\loader_tags.py", line 150, in render
    return compiled_parent._render(context)
  File "C:\Anone\venv_HelloAliber\lib\site-packages\django\test\utils.py", line 95, in instrumented_test_render
    return self.nodelist.render(context)
  File "C:\Anone\venv_HelloAliber\lib\site-packages\django\template\base.py", line 936, in render
    bit = node.render_annotated(context)
  File "C:\Anone\venv_HelloAliber\lib\site-packages\django\template\base.py", line 903, in render_annotated
    return self.render(context)
  File "C:\Anone\venv_HelloAliber\lib\site-packages\django\template\loader_tags.py", line 62, in render
    result = block.nodelist.render(context)
  File "C:\Anone\venv_HelloAliber\lib\site-packages\django\template\base.py", line 936, in render
    bit = node.render_annotated(context)
  File "C:\Anone\venv_HelloAliber\lib\site-packages\django\template\base.py", line 903, in render_annotated
    return self.render(context)
  File "C:\Anone\venv_HelloAliber\lib\site-packages\django\template\defaulttags.py", line 309, in render
    return nodelist.render(context)
  File "C:\Anone\venv_HelloAliber\lib\site-packages\django\template\base.py", line 936, in render
    bit = node.render_annotated(context)
  File "C:\Anone\venv_HelloAliber\lib\site-packages\django\template\base.py", line 903, in render_annotated
    return self.render(context)
  File "C:\Anone\venv_HelloAliber\lib\site-packages\django\template\defaulttags.py", line 443, in render
    url = reverse(view_name, args=args, kwargs=kwargs, current_app=current_app)
  File "C:\Anone\venv_HelloAliber\lib\site-packages\django\urls\base.py", line 87, in reverse
    return iri_to_uri(resolver._reverse_with_prefix(view, prefix, *args, **kwargs))
  File "C:\Anone\venv_HelloAliber\lib\site-packages\django\urls\resolvers.py", line 677, in _reverse_with_prefix
    raise NoReverseMatch(msg)
django.urls.exceptions.NoReverseMatch: Reverse for '#' not found. '#' is not a valid view function or pattern name.
[ERROR]	asctime:2020-08-18 18:55:49,407	module:basehttp	message:"GET /employee HTTP/1.1" 500 174432	process:14076	thread:6632
[ERROR]	asctime:2020-08-18 18:56:32,556	module:log	message:Internal Server Error: /employee	process:14076	thread:6632
Traceback (most recent call last):
  File "C:\Anone\venv_HelloAliber\lib\site-packages\django\core\handlers\exception.py", line 34, in inner
    response = get_response(request)
  File "C:\Anone\venv_HelloAliber\lib\site-packages\django\core\handlers\base.py", line 145, in _get_response
    response = self.process_exception_by_middleware(e, request)
  File "C:\Anone\venv_HelloAliber\lib\site-packages\django\core\handlers\base.py", line 143, in _get_response
    response = response.render()
  File "C:\Anone\venv_HelloAliber\lib\site-packages\django\template\response.py", line 105, in render
    self.content = self.rendered_content
  File "C:\Anone\venv_HelloAliber\lib\site-packages\django\template\response.py", line 81, in rendered_content
    template = self.resolve_template(self.template_name)
  File "C:\Anone\venv_HelloAliber\lib\site-packages\django\template\response.py", line 63, in resolve_template
    return select_template(template, using=self.using)
  File "C:\Anone\venv_HelloAliber\lib\site-packages\django\template\loader.py", line 42, in select_template
    return engine.get_template(template_name)
  File "C:\Anone\venv_HelloAliber\lib\site-packages\django\template\backends\django.py", line 34, in get_template
    return Template(self.engine.get_template(template_name), self)
  File "C:\Anone\venv_HelloAliber\lib\site-packages\django\template\engine.py", line 143, in get_template
    template, origin = self.find_template(template_name)
  File "C:\Anone\venv_HelloAliber\lib\site-packages\django\template\engine.py", line 125, in find_template
    template = loader.get_template(name, skip=skip)
  File "C:\Anone\venv_HelloAliber\lib\site-packages\django\template\loaders\base.py", line 29, in get_template
    return Template(
  File "C:\Anone\venv_HelloAliber\lib\site-packages\django\template\base.py", line 156, in __init__
    self.nodelist = self.compile_nodelist()
  File "C:\Anone\venv_HelloAliber\lib\site-packages\django\template\base.py", line 194, in compile_nodelist
    return parser.parse()
  File "C:\Anone\venv_HelloAliber\lib\site-packages\django\template\base.py", line 477, in parse
    raise self.error(token, e)
  File "C:\Anone\venv_HelloAliber\lib\site-packages\django\template\base.py", line 475, in parse
    compiled_result = compile_func(self, token)
  File "C:\Anone\venv_HelloAliber\lib\site-packages\django\template\loader_tags.py", line 266, in do_extends
    nodelist = parser.parse()
  File "C:\Anone\venv_HelloAliber\lib\site-packages\django\template\base.py", line 477, in parse
    raise self.error(token, e)
  File "C:\Anone\venv_HelloAliber\lib\site-packages\django\template\base.py", line 475, in parse
    compiled_result = compile_func(self, token)
  File "C:\Anone\venv_HelloAliber\lib\site-packages\django\template\loader_tags.py", line 209, in do_block
    nodelist = parser.parse(('endblock',))
  File "C:\Anone\venv_HelloAliber\lib\site-packages\django\template\base.py", line 477, in parse
    raise self.error(token, e)
  File "C:\Anone\venv_HelloAliber\lib\site-packages\django\template\base.py", line 475, in parse
    compiled_result = compile_func(self, token)
  File "C:\Anone\venv_HelloAliber\lib\site-packages\django\template\defaulttags.py", line 952, in do_if
    nodelist = parser.parse(('elif', 'else', 'endif'))
  File "C:\Anone\venv_HelloAliber\lib\site-packages\django\template\base.py", line 477, in parse
    raise self.error(token, e)
  File "C:\Anone\venv_HelloAliber\lib\site-packages\django\template\base.py", line 475, in parse
    compiled_result = compile_func(self, token)
  File "C:\Anone\venv_HelloAliber\lib\site-packages\django\template\defaulttags.py", line 1359, in url
    viewname = parser.compile_filter(bits[1])
  File "C:\Anone\venv_HelloAliber\lib\site-packages\django\template\base.py", line 562, in compile_filter
    return FilterExpression(token, self)
  File "C:\Anone\venv_HelloAliber\lib\site-packages\django\template\base.py", line 661, in __init__
    raise TemplateSyntaxError("Could not parse the remainder: '%s' "
django.template.exceptions.TemplateSyntaxError: Could not parse the remainder: '#' from '#'
[ERROR]	asctime:2020-08-18 18:56:32,606	module:basehttp	message:"GET /employee HTTP/1.1" 500 205567	process:14076	thread:6632
[INFO]	asctime:2020-08-18 18:58:22,926	module:basehttp	message:"GET /employee HTTP/1.1" 200 11590	process:14076	thread:6632
[INFO]	asctime:2020-08-18 18:59:04,959	module:basehttp	message:"GET /employee HTTP/1.1" 200 11590	process:14076	thread:6632
[INFO]	asctime:2020-08-18 18:59:42,924	module:basehttp	message:"GET /employee HTTP/1.1" 200 11590	process:14076	thread:6632
[INFO]	asctime:2020-08-18 19:00:49,757	module:autoreload	message:C:\Anone\venv_HelloAliber\HelloAliber\profile_app\views.py changed, reloading.	process:14076	thread:13976
[INFO]	asctime:2020-08-18 19:00:51,028	module:autoreload	message:Watching for file changes with StatReloader	process:2864	thread:10880
[INFO]	asctime:2020-08-18 19:01:14,415	module:autoreload	message:C:\Anone\venv_HelloAliber\HelloAliber\profile_app\views.py changed, reloading.	process:2864	thread:10880
[INFO]	asctime:2020-08-18 19:01:15,648	module:autoreload	message:Watching for file changes with StatReloader	process:5280	thread:11048
[INFO]	asctime:2020-08-18 19:01:53,886	module:autoreload	message:Watching for file changes with StatReloader	process:11260	thread:12428
[INFO]	asctime:2020-08-18 19:01:58,890	module:basehttp	message:"GET / HTTP/1.1" 200 9325	process:11260	thread:672
[INFO]	asctime:2020-08-18 19:02:00,227	module:basehttp	message:"GET /accounts/login/ HTTP/1.1" 302 0	process:11260	thread:672
[INFO]	asctime:2020-08-18 19:02:00,409	module:basehttp	message:"GET /employee HTTP/1.1" 200 11590	process:11260	thread:672
[INFO]	asctime:2020-08-18 19:03:17,345	module:autoreload	message:C:\Anone\venv_HelloAliber\HelloAliber\profile_app\views.py changed, reloading.	process:11260	thread:12428
[INFO]	asctime:2020-08-18 19:03:18,624	module:autoreload	message:Watching for file changes with StatReloader	process:4148	thread:14524
[INFO]	asctime:2020-08-18 19:03:23,761	module:basehttp	message:"GET /employee HTTP/1.1" 200 11590	process:4148	thread:10016
[INFO]	asctime:2020-08-18 19:04:50,673	module:basehttp	message:"GET /employee HTTP/1.1" 200 11590	process:4148	thread:10016
[INFO]	asctime:2020-08-18 19:06:20,395	module:autoreload	message:C:\Anone\venv_HelloAliber\HelloAliber\profile_app\views.py changed, reloading.	process:4148	thread:14524
[INFO]	asctime:2020-08-18 19:06:21,670	module:autoreload	message:Watching for file changes with StatReloader	process:13736	thread:11780
[INFO]	asctime:2020-08-18 19:06:22,482	module:basehttp	message:"GET /employee HTTP/1.1" 200 11590	process:13736	thread:10880
[INFO]	asctime:2020-08-18 19:06:25,418	module:basehttp	message:"GET /__debug__/render_panel/?store_id=67c691a163154c6e96e65dfefac54d4d&panel_id=SQLPanel HTTP/1.1" 200 17275	process:13736	thread:10880
[INFO]	asctime:2020-08-18 19:08:22,153	module:basehttp	message:"GET /employee HTTP/1.1" 200 11590	process:13736	thread:10880
[INFO]	asctime:2020-08-18 19:08:26,029	module:basehttp	message:"GET /employee HTTP/1.1" 200 11590	process:13736	thread:10880
[INFO]	asctime:2020-08-18 19:09:10,648	module:autoreload	message:C:\Anone\venv_HelloAliber\HelloAliber\profile_app\views.py changed, reloading.	process:13736	thread:11780
[INFO]	asctime:2020-08-18 19:09:11,930	module:autoreload	message:Watching for file changes with StatReloader	process:4148	thread:9960
[INFO]	asctime:2020-08-18 19:09:12,255	module:views	message:	process:4148	thread:9940
[INFO]	asctime:2020-08-18 19:09:12,679	module:views	message:supersuper	process:4148	thread:9940
[ERROR]	asctime:2020-08-18 19:09:12,984	module:log	message:Internal Server Error: /employee	process:4148	thread:9940
Traceback (most recent call last):
  File "C:\Anone\venv_HelloAliber\lib\site-packages\django\db\models\fields\__init__.py", line 1772, in get_prep_value
    return int(value)
TypeError: int() argument must be a string, a bytes-like object or a number, not 'SimpleLazyObject'

The above exception was the direct cause of the following exception:

Traceback (most recent call last):
  File "C:\Anone\venv_HelloAliber\lib\site-packages\django\core\handlers\exception.py", line 34, in inner
    response = get_response(request)
  File "C:\Anone\venv_HelloAliber\lib\site-packages\django\core\handlers\base.py", line 115, in _get_response
    response = self.process_exception_by_middleware(e, request)
  File "C:\Anone\venv_HelloAliber\lib\site-packages\django\core\handlers\base.py", line 113, in _get_response
    response = wrapped_callback(request, *callback_args, **callback_kwargs)
  File "C:\Anone\venv_HelloAliber\lib\site-packages\django\views\generic\base.py", line 71, in view
    return self.dispatch(request, *args, **kwargs)
  File "C:\Anone\venv_HelloAliber\lib\site-packages\django\views\generic\base.py", line 97, in dispatch
    return handler(request, *args, **kwargs)
  File "C:\Anone\venv_HelloAliber\lib\site-packages\django\views\generic\list.py", line 142, in get
    self.object_list = self.get_queryset()
  File "C:\Anone\venv_HelloAliber\HelloAliber\profile_app\views.py", line 51, in get_queryset
    profiles = Profile.objects.filter(user_id=self.request.user).first()
  File "C:\Anone\venv_HelloAliber\lib\site-packages\django\db\models\manager.py", line 82, in manager_method
    return getattr(self.get_queryset(), name)(*args, **kwargs)
  File "C:\Anone\venv_HelloAliber\lib\site-packages\django\db\models\query.py", line 904, in filter
    return self._filter_or_exclude(False, *args, **kwargs)
  File "C:\Anone\venv_HelloAliber\lib\site-packages\django\db\models\query.py", line 923, in _filter_or_exclude
    clone.query.add_q(Q(*args, **kwargs))
  File "C:\Anone\venv_HelloAliber\lib\site-packages\django\db\models\sql\query.py", line 1354, in add_q
    clause, _ = self._add_q(q_object, self.used_aliases)
  File "C:\Anone\venv_HelloAliber\lib\site-packages\django\db\models\sql\query.py", line 1381, in _add_q
    child_clause, needed_inner = self.build_filter(
  File "C:\Anone\venv_HelloAliber\lib\site-packages\django\db\models\sql\query.py", line 1315, in build_filter
    condition = self.build_lookup(lookups, col, value)
  File "C:\Anone\venv_HelloAliber\lib\site-packages\django\db\models\sql\query.py", line 1169, in build_lookup
    lookup = lookup_class(lhs, rhs)
  File "C:\Anone\venv_HelloAliber\lib\site-packages\django\db\models\lookups.py", line 22, in __init__
    self.rhs = self.get_prep_lookup()
  File "C:\Anone\venv_HelloAliber\lib\site-packages\django\db\models\lookups.py", line 72, in get_prep_lookup
    return self.lhs.output_field.get_prep_value(self.rhs)
  File "C:\Anone\venv_HelloAliber\lib\site-packages\django\db\models\fields\__init__.py", line 1774, in get_prep_value
    raise e.__class__(
TypeError: Field 'user_id' expected a number but got <SimpleLazyObject: <CustomUser: supersuper>>.
[ERROR]	asctime:2020-08-18 19:09:13,126	module:basehttp	message:"GET /employee HTTP/1.1" 500 147365	process:4148	thread:9940
[INFO]	asctime:2020-08-18 19:09:31,462	module:views	message:	process:4148	thread:9940
[INFO]	asctime:2020-08-18 19:09:31,584	module:views	message:supersuper	process:4148	thread:9940
[INFO]	asctime:2020-08-18 19:09:31,643	module:autoreload	message:C:\Anone\venv_HelloAliber\HelloAliber\profile_app\views.py changed, reloading.	process:4148	thread:9960
[INFO]	asctime:2020-08-18 19:09:32,916	module:autoreload	message:Watching for file changes with StatReloader	process:15172	thread:1848
[INFO]	asctime:2020-08-18 19:09:33,221	module:views	message:	process:15172	thread:9728
[INFO]	asctime:2020-08-18 19:09:33,603	module:views	message:supersuper	process:15172	thread:9728
[ERROR]	asctime:2020-08-18 19:09:33,868	module:log	message:Internal Server Error: /employee	process:15172	thread:9728
Traceback (most recent call last):
  File "C:\Anone\venv_HelloAliber\lib\site-packages\django\core\handlers\exception.py", line 34, in inner
    response = get_response(request)
  File "C:\Anone\venv_HelloAliber\lib\site-packages\django\core\handlers\base.py", line 115, in _get_response
    response = self.process_exception_by_middleware(e, request)
  File "C:\Anone\venv_HelloAliber\lib\site-packages\django\core\handlers\base.py", line 113, in _get_response
    response = wrapped_callback(request, *callback_args, **callback_kwargs)
  File "C:\Anone\venv_HelloAliber\lib\site-packages\django\views\generic\base.py", line 71, in view
    return self.dispatch(request, *args, **kwargs)
  File "C:\Anone\venv_HelloAliber\lib\site-packages\django\views\generic\base.py", line 97, in dispatch
    return handler(request, *args, **kwargs)
  File "C:\Anone\venv_HelloAliber\lib\site-packages\django\views\generic\list.py", line 142, in get
    self.object_list = self.get_queryset()
  File "C:\Anone\venv_HelloAliber\HelloAliber\profile_app\views.py", line 51, in get_queryset
    profiles = Profile.objects.filter(user=self.request.user).first()
  File "C:\Anone\venv_HelloAliber\lib\site-packages\django\db\models\manager.py", line 82, in manager_method
    return getattr(self.get_queryset(), name)(*args, **kwargs)
  File "C:\Anone\venv_HelloAliber\lib\site-packages\django\db\models\query.py", line 904, in filter
    return self._filter_or_exclude(False, *args, **kwargs)
  File "C:\Anone\venv_HelloAliber\lib\site-packages\django\db\models\query.py", line 923, in _filter_or_exclude
    clone.query.add_q(Q(*args, **kwargs))
  File "C:\Anone\venv_HelloAliber\lib\site-packages\django\db\models\sql\query.py", line 1354, in add_q
    clause, _ = self._add_q(q_object, self.used_aliases)
  File "C:\Anone\venv_HelloAliber\lib\site-packages\django\db\models\sql\query.py", line 1381, in _add_q
    child_clause, needed_inner = self.build_filter(
  File "C:\Anone\venv_HelloAliber\lib\site-packages\django\db\models\sql\query.py", line 1254, in build_filter
    lookups, parts, reffed_expression = self.solve_lookup_type(arg)
  File "C:\Anone\venv_HelloAliber\lib\site-packages\django\db\models\sql\query.py", line 1088, in solve_lookup_type
    _, field, _, lookup_parts = self.names_to_path(lookup_splitted, self.get_meta())
  File "C:\Anone\venv_HelloAliber\lib\site-packages\django\db\models\sql\query.py", line 1486, in names_to_path
    raise FieldError("Cannot resolve keyword '%s' into field. "
django.core.exceptions.FieldError: Cannot resolve keyword 'user' into field. Choices are: address1, address2, birth, create_date, create_id, delete, department, emergency_contact_1_name, emergency_contact_1_phone, emergency_contact_1_relationship, emergency_contact_2_name, emergency_contact_2_phone, emergency_contact_2_relationship, emergency_contact_3_name, emergency_contact_3_phone, emergency_contact_3_relationship, first_name, first_name_k, gender, health_insurance, id, id_id, last_name, last_name_k, nationality, phone, postal_code, residence_card, update_date, update_id, user_id
[ERROR]	asctime:2020-08-18 19:09:34,014	module:basehttp	message:"GET /employee HTTP/1.1" 500 136420	process:15172	thread:9728
[INFO]	asctime:2020-08-18 19:10:09,125	module:autoreload	message:C:\Anone\venv_HelloAliber\HelloAliber\profile_app\views.py changed, reloading.	process:15172	thread:1848
[INFO]	asctime:2020-08-18 19:10:10,414	module:autoreload	message:Watching for file changes with StatReloader	process:9276	thread:14388
[INFO]	asctime:2020-08-18 19:10:10,923	module:views	message:	process:9276	thread:13748
[INFO]	asctime:2020-08-18 19:10:11,270	module:views	message:supersuper	process:9276	thread:13748
[ERROR]	asctime:2020-08-18 19:10:11,422	module:log	message:Internal Server Error: /employee	process:9276	thread:13748
Traceback (most recent call last):
  File "C:\Anone\venv_HelloAliber\lib\site-packages\django\core\handlers\exception.py", line 34, in inner
    response = get_response(request)
  File "C:\Anone\venv_HelloAliber\lib\site-packages\django\core\handlers\base.py", line 115, in _get_response
    response = self.process_exception_by_middleware(e, request)
  File "C:\Anone\venv_HelloAliber\lib\site-packages\django\core\handlers\base.py", line 113, in _get_response
    response = wrapped_callback(request, *callback_args, **callback_kwargs)
  File "C:\Anone\venv_HelloAliber\lib\site-packages\django\views\generic\base.py", line 71, in view
    return self.dispatch(request, *args, **kwargs)
  File "C:\Anone\venv_HelloAliber\lib\site-packages\django\views\generic\base.py", line 97, in dispatch
    return handler(request, *args, **kwargs)
  File "C:\Anone\venv_HelloAliber\lib\site-packages\django\views\generic\list.py", line 142, in get
    self.object_list = self.get_queryset()
  File "C:\Anone\venv_HelloAliber\HelloAliber\profile_app\views.py", line 51, in get_queryset
    profiles = Profile.objects.filter(id=self.request.id).first()
AttributeError: 'WSGIRequest' object has no attribute 'id'
[ERROR]	asctime:2020-08-18 19:10:11,484	module:basehttp	message:"GET /employee HTTP/1.1" 500 95832	process:9276	thread:13748
[INFO]	asctime:2020-08-18 19:11:50,177	module:autoreload	message:C:\Anone\venv_HelloAliber\HelloAliber\profile_app\views.py changed, reloading.	process:9276	thread:14388
[INFO]	asctime:2020-08-18 19:11:51,437	module:autoreload	message:Watching for file changes with StatReloader	process:12572	thread:9040
[INFO]	asctime:2020-08-18 19:12:25,035	module:autoreload	message:C:\Anone\venv_HelloAliber\HelloAliber\profile_app\views.py changed, reloading.	process:12572	thread:9040
[INFO]	asctime:2020-08-18 19:12:26,381	module:autoreload	message:Watching for file changes with StatReloader	process:13976	thread:5148
[INFO]	asctime:2020-08-18 19:12:27,258	module:views	message:	process:13976	thread:3164
[INFO]	asctime:2020-08-18 19:12:27,612	module:views	message:supersuper	process:13976	thread:3164
[ERROR]	asctime:2020-08-18 19:12:27,774	module:log	message:Internal Server Error: /employee	process:13976	thread:3164
Traceback (most recent call last):
  File "C:\Anone\venv_HelloAliber\lib\site-packages\django\core\handlers\exception.py", line 34, in inner
    response = get_response(request)
  File "C:\Anone\venv_HelloAliber\lib\site-packages\django\core\handlers\base.py", line 115, in _get_response
    response = self.process_exception_by_middleware(e, request)
  File "C:\Anone\venv_HelloAliber\lib\site-packages\django\core\handlers\base.py", line 113, in _get_response
    response = wrapped_callback(request, *callback_args, **callback_kwargs)
  File "C:\Anone\venv_HelloAliber\lib\site-packages\django\views\generic\base.py", line 71, in view
    return self.dispatch(request, *args, **kwargs)
  File "C:\Anone\venv_HelloAliber\lib\site-packages\django\views\generic\base.py", line 97, in dispatch
    return handler(request, *args, **kwargs)
  File "C:\Anone\venv_HelloAliber\lib\site-packages\django\views\generic\list.py", line 142, in get
    self.object_list = self.get_queryset()
  File "C:\Anone\venv_HelloAliber\HelloAliber\profile_app\views.py", line 51, in get_queryset
    profiles = Profile.objects.filter(username=self.request.id).first()
AttributeError: 'WSGIRequest' object has no attribute 'id'
[ERROR]	asctime:2020-08-18 19:12:27,841	module:basehttp	message:"GET /employee HTTP/1.1" 500 95844	process:13976	thread:3164
[INFO]	asctime:2020-08-18 19:12:49,565	module:views	message:	process:13976	thread:3164
[INFO]	asctime:2020-08-18 19:12:49,693	module:views	message:supersuper	process:13976	thread:3164
[ERROR]	asctime:2020-08-18 19:12:49,747	module:log	message:Internal Server Error: /employee	process:13976	thread:3164
Traceback (most recent call last):
  File "C:\Anone\venv_HelloAliber\lib\site-packages\django\core\handlers\exception.py", line 34, in inner
    response = get_response(request)
  File "C:\Anone\venv_HelloAliber\lib\site-packages\django\core\handlers\base.py", line 115, in _get_response
    response = self.process_exception_by_middleware(e, request)
  File "C:\Anone\venv_HelloAliber\lib\site-packages\django\core\handlers\base.py", line 113, in _get_response
    response = wrapped_callback(request, *callback_args, **callback_kwargs)
  File "C:\Anone\venv_HelloAliber\lib\site-packages\django\views\generic\base.py", line 71, in view
    return self.dispatch(request, *args, **kwargs)
  File "C:\Anone\venv_HelloAliber\lib\site-packages\django\views\generic\base.py", line 97, in dispatch
    return handler(request, *args, **kwargs)
  File "C:\Anone\venv_HelloAliber\lib\site-packages\django\views\generic\list.py", line 142, in get
    self.object_list = self.get_queryset()
  File "C:\Anone\venv_HelloAliber\HelloAliber\profile_app\views.py", line 51, in get_queryset
    return profiles
AttributeError: 'WSGIRequest' object has no attribute 'id'
[ERROR]	asctime:2020-08-18 19:12:49,797	module:basehttp	message:"GET /employee HTTP/1.1" 500 95680	process:13976	thread:3164
[INFO]	asctime:2020-08-18 19:12:49,837	module:autoreload	message:C:\Anone\venv_HelloAliber\HelloAliber\profile_app\views.py changed, reloading.	process:13976	thread:5148
[INFO]	asctime:2020-08-18 19:12:51,116	module:autoreload	message:Watching for file changes with StatReloader	process:3372	thread:2280
[INFO]	asctime:2020-08-18 19:13:36,475	module:views	message:supersuper	process:3372	thread:2992
[ERROR]	asctime:2020-08-18 19:13:36,746	module:log	message:Internal Server Error: /employee	process:3372	thread:2992
Traceback (most recent call last):
  File "C:\Anone\venv_HelloAliber\lib\site-packages\django\core\handlers\exception.py", line 34, in inner
    response = get_response(request)
  File "C:\Anone\venv_HelloAliber\lib\site-packages\django\core\handlers\base.py", line 115, in _get_response
    response = self.process_exception_by_middleware(e, request)
  File "C:\Anone\venv_HelloAliber\lib\site-packages\django\core\handlers\base.py", line 113, in _get_response
    response = wrapped_callback(request, *callback_args, **callback_kwargs)
  File "C:\Anone\venv_HelloAliber\lib\site-packages\django\views\generic\base.py", line 71, in view
    return self.dispatch(request, *args, **kwargs)
  File "C:\Anone\venv_HelloAliber\lib\site-packages\django\views\generic\base.py", line 97, in dispatch
    return handler(request, *args, **kwargs)
  File "C:\Anone\venv_HelloAliber\lib\site-packages\django\views\generic\list.py", line 142, in get
    self.object_list = self.get_queryset()
  File "C:\Anone\venv_HelloAliber\HelloAliber\profile_app\views.py", line 50, in get_queryset
    profiles = Profile.objects.filter(username=self.request.user).first()
  File "C:\Anone\venv_HelloAliber\lib\site-packages\django\db\models\manager.py", line 82, in manager_method
    return getattr(self.get_queryset(), name)(*args, **kwargs)
  File "C:\Anone\venv_HelloAliber\lib\site-packages\django\db\models\query.py", line 904, in filter
    return self._filter_or_exclude(False, *args, **kwargs)
  File "C:\Anone\venv_HelloAliber\lib\site-packages\django\db\models\query.py", line 923, in _filter_or_exclude
    clone.query.add_q(Q(*args, **kwargs))
  File "C:\Anone\venv_HelloAliber\lib\site-packages\django\db\models\sql\query.py", line 1354, in add_q
    clause, _ = self._add_q(q_object, self.used_aliases)
  File "C:\Anone\venv_HelloAliber\lib\site-packages\django\db\models\sql\query.py", line 1381, in _add_q
    child_clause, needed_inner = self.build_filter(
  File "C:\Anone\venv_HelloAliber\lib\site-packages\django\db\models\sql\query.py", line 1254, in build_filter
    lookups, parts, reffed_expression = self.solve_lookup_type(arg)
  File "C:\Anone\venv_HelloAliber\lib\site-packages\django\db\models\sql\query.py", line 1088, in solve_lookup_type
    _, field, _, lookup_parts = self.names_to_path(lookup_splitted, self.get_meta())
  File "C:\Anone\venv_HelloAliber\lib\site-packages\django\db\models\sql\query.py", line 1486, in names_to_path
    raise FieldError("Cannot resolve keyword '%s' into field. "
django.core.exceptions.FieldError: Cannot resolve keyword 'username' into field. Choices are: address1, address2, birth, create_date, create_id, delete, department, emergency_contact_1_name, emergency_contact_1_phone, emergency_contact_1_relationship, emergency_contact_2_name, emergency_contact_2_phone, emergency_contact_2_relationship, emergency_contact_3_name, emergency_contact_3_phone, emergency_contact_3_relationship, first_name, first_name_k, gender, health_insurance, id, id_id, last_name, last_name_k, nationality, phone, postal_code, residence_card, update_date, update_id, user_id
[ERROR]	asctime:2020-08-18 19:13:36,888	module:basehttp	message:"GET /employee HTTP/1.1" 500 136506	process:3372	thread:2992
[INFO]	asctime:2020-08-18 19:14:48,966	module:autoreload	message:C:\Anone\venv_HelloAliber\HelloAliber\profile_app\views.py changed, reloading.	process:3372	thread:2280
[INFO]	asctime:2020-08-18 19:14:50,264	module:autoreload	message:Watching for file changes with StatReloader	process:11732	thread:15060
[INFO]	asctime:2020-08-18 19:16:05,785	module:autoreload	message:C:\Anone\venv_HelloAliber\HelloAliber\profile_app\views.py changed, reloading.	process:11732	thread:15060
[INFO]	asctime:2020-08-18 19:16:07,047	module:autoreload	message:Watching for file changes with StatReloader	process:13940	thread:13116
[INFO]	asctime:2020-08-18 19:17:36,930	module:autoreload	message:C:\Anone\venv_HelloAliber\HelloAliber\profile_app\models.py changed, reloading.	process:13940	thread:13116
[INFO]	asctime:2020-08-18 19:17:38,164	module:autoreload	message:Watching for file changes with StatReloader	process:4148	thread:4776
[INFO]	asctime:2020-08-18 19:18:27,028	module:autoreload	message:C:\Anone\venv_HelloAliber\HelloAliber\profile_app\models.py changed, reloading.	process:4148	thread:4776
[INFO]	asctime:2020-08-18 19:18:28,354	module:autoreload	message:Watching for file changes with StatReloader	process:12732	thread:2324
[INFO]	asctime:2020-08-18 19:22:30,713	module:autoreload	message:C:\Anone\venv_HelloAliber\HelloAliber\profile_app\models.py changed, reloading.	process:12732	thread:2324
[INFO]	asctime:2020-08-18 19:22:31,993	module:autoreload	message:Watching for file changes with StatReloader	process:13736	thread:6640
[INFO]	asctime:2020-08-18 19:23:39,930	module:autoreload	message:Watching for file changes with StatReloader	process:12616	thread:6152
[INFO]	asctime:2020-08-18 19:29:25,096	module:autoreload	message:C:\Anone\venv_HelloAliber\HelloAliber\profile_app\models.py changed, reloading.	process:12616	thread:6152
[INFO]	asctime:2020-08-18 19:29:26,407	module:autoreload	message:Watching for file changes with StatReloader	process:11076	thread:8604
[INFO]	asctime:2020-08-18 19:34:40,532	module:autoreload	message:C:\Anone\venv_HelloAliber\HelloAliber\profile_app\models.py changed, reloading.	process:11076	thread:8604
[INFO]	asctime:2020-08-18 19:34:41,798	module:autoreload	message:Watching for file changes with StatReloader	process:216	thread:13912
[INFO]	asctime:2020-08-18 19:34:48,202	module:autoreload	message:Watching for file changes with StatReloader	process:11632	thread:8388
[INFO]	asctime:2020-08-19 09:50:58,609	module:autoreload	message:Watching for file changes with StatReloader	process:10148	thread:5108
[INFO]	asctime:2020-08-19 09:56:00,713	module:autoreload	message:Watching for file changes with StatReloader	process:9448	thread:2736
[INFO]	asctime:2020-08-19 09:56:12,114	module:basehttp	message:"GET / HTTP/1.1" 200 9326	process:9448	thread:9576
[WARNING]	asctime:2020-08-19 09:56:12,249	module:log	message:Not Found: /favicon.ico	process:9448	thread:9576
[WARNING]	asctime:2020-08-19 09:56:12,250	module:basehttp	message:"GET /favicon.ico HTTP/1.1" 404 11804	process:9448	thread:9576
[INFO]	asctime:2020-08-19 09:56:16,015	module:basehttp	message:"GET /accounts/login/ HTTP/1.1" 200 12305	process:9448	thread:9576
[INFO]	asctime:2020-08-19 09:56:29,394	module:basehttp	message:"POST /accounts/login/ HTTP/1.1" 302 0	process:9448	thread:9576
[INFO]	asctime:2020-08-19 09:56:29,540	module:views	message:supersuper	process:9448	thread:9576
[ERROR]	asctime:2020-08-19 09:56:29,859	module:log	message:Internal Server Error: /employee	process:9448	thread:9576
Traceback (most recent call last):
  File "C:\Anone\venv_HelloAliber\lib\site-packages\django\core\handlers\exception.py", line 34, in inner
    response = get_response(request)
  File "C:\Anone\venv_HelloAliber\lib\site-packages\django\core\handlers\base.py", line 115, in _get_response
    response = self.process_exception_by_middleware(e, request)
  File "C:\Anone\venv_HelloAliber\lib\site-packages\django\core\handlers\base.py", line 113, in _get_response
    response = wrapped_callback(request, *callback_args, **callback_kwargs)
  File "C:\Anone\venv_HelloAliber\lib\site-packages\django\views\generic\base.py", line 71, in view
    return self.dispatch(request, *args, **kwargs)
  File "C:\Anone\venv_HelloAliber\lib\site-packages\django\views\generic\base.py", line 97, in dispatch
    return handler(request, *args, **kwargs)
  File "C:\Anone\venv_HelloAliber\lib\site-packages\django\views\generic\list.py", line 142, in get
    self.object_list = self.get_queryset()
  File "C:\Anone\venv_HelloAliber\HelloAliber\profile_app\views.py", line 52, in get_queryset
    profiles = Profile.objects.filter(username=self.request.user).first()
  File "C:\Anone\venv_HelloAliber\lib\site-packages\django\db\models\manager.py", line 82, in manager_method
    return getattr(self.get_queryset(), name)(*args, **kwargs)
  File "C:\Anone\venv_HelloAliber\lib\site-packages\django\db\models\query.py", line 904, in filter
    return self._filter_or_exclude(False, *args, **kwargs)
  File "C:\Anone\venv_HelloAliber\lib\site-packages\django\db\models\query.py", line 923, in _filter_or_exclude
    clone.query.add_q(Q(*args, **kwargs))
  File "C:\Anone\venv_HelloAliber\lib\site-packages\django\db\models\sql\query.py", line 1354, in add_q
    clause, _ = self._add_q(q_object, self.used_aliases)
  File "C:\Anone\venv_HelloAliber\lib\site-packages\django\db\models\sql\query.py", line 1381, in _add_q
    child_clause, needed_inner = self.build_filter(
  File "C:\Anone\venv_HelloAliber\lib\site-packages\django\db\models\sql\query.py", line 1254, in build_filter
    lookups, parts, reffed_expression = self.solve_lookup_type(arg)
  File "C:\Anone\venv_HelloAliber\lib\site-packages\django\db\models\sql\query.py", line 1088, in solve_lookup_type
    _, field, _, lookup_parts = self.names_to_path(lookup_splitted, self.get_meta())
  File "C:\Anone\venv_HelloAliber\lib\site-packages\django\db\models\sql\query.py", line 1486, in names_to_path
    raise FieldError("Cannot resolve keyword '%s' into field. "
django.core.exceptions.FieldError: Cannot resolve keyword 'username' into field. Choices are: address1, address2, birth, create_date, create_id, delete, department, emergency_contact_1_name, emergency_contact_1_phone, emergency_contact_1_relationship, emergency_contact_2_name, emergency_contact_2_phone, emergency_contact_2_relationship, emergency_contact_3_name, emergency_contact_3_phone, emergency_contact_3_relationship, first_name, first_name_k, gender, health_insurance, id, id_id, last_name, last_name_k, nationality, phone, postal_code, residence_card, update_date, update_id, user_id
[ERROR]	asctime:2020-08-19 09:56:29,979	module:basehttp	message:"GET /employee HTTP/1.1" 500 137721	process:9448	thread:9576
[INFO]	asctime:2020-08-19 10:40:18,350	module:autoreload	message:Watching for file changes with StatReloader	process:10776	thread:13468
[INFO]	asctime:2020-08-19 10:41:02,185	module:autoreload	message:Watching for file changes with StatReloader	process:11792	thread:4256
[INFO]	asctime:2020-08-19 10:49:36,276	module:autoreload	message:C:\Anone\venv_HelloAliber\HelloAliber\profile_app\models.py changed, reloading.	process:11792	thread:4256
[INFO]	asctime:2020-08-19 10:49:37,473	module:autoreload	message:Watching for file changes with StatReloader	process:12708	thread:652
[INFO]	asctime:2020-08-19 11:03:34,306	module:autoreload	message:Watching for file changes with StatReloader	process:664	thread:9056
[INFO]	asctime:2020-08-19 11:05:10,174	module:autoreload	message:C:\Anone\venv_HelloAliber\HelloAliber\profile_app\views.py changed, reloading.	process:664	thread:9056
[INFO]	asctime:2020-08-19 11:05:11,656	module:autoreload	message:Watching for file changes with StatReloader	process:6696	thread:10688
[INFO]	asctime:2020-08-19 11:10:56,658	module:autoreload	message:Watching for file changes with StatReloader	process:4788	thread:12416
[INFO]	asctime:2020-08-19 11:11:24,578	module:autoreload	message:Watching for file changes with StatReloader	process:7632	thread:2744
[INFO]	asctime:2020-08-19 11:11:35,809	module:basehttp	message:"GET / HTTP/1.1" 200 9325	process:7632	thread:8440
[INFO]	asctime:2020-08-19 11:11:38,141	module:basehttp	message:"GET /accounts/login/ HTTP/1.1" 302 0	process:7632	thread:8440
[INFO]	asctime:2020-08-19 11:11:38,270	module:views	message:supersuper	process:7632	thread:8440
[ERROR]	asctime:2020-08-19 11:11:38,579	module:log	message:Internal Server Error: /employee	process:7632	thread:8440
Traceback (most recent call last):
  File "C:\Anone\venv_HelloAliber\lib\site-packages\django\core\handlers\exception.py", line 34, in inner
    response = get_response(request)
  File "C:\Anone\venv_HelloAliber\lib\site-packages\django\core\handlers\base.py", line 115, in _get_response
    response = self.process_exception_by_middleware(e, request)
  File "C:\Anone\venv_HelloAliber\lib\site-packages\django\core\handlers\base.py", line 113, in _get_response
    response = wrapped_callback(request, *callback_args, **callback_kwargs)
  File "C:\Anone\venv_HelloAliber\lib\site-packages\django\views\generic\base.py", line 71, in view
    return self.dispatch(request, *args, **kwargs)
  File "C:\Anone\venv_HelloAliber\lib\site-packages\django\views\generic\base.py", line 97, in dispatch
    return handler(request, *args, **kwargs)
  File "C:\Anone\venv_HelloAliber\lib\site-packages\django\views\generic\list.py", line 142, in get
    self.object_list = self.get_queryset()
  File "C:\Anone\venv_HelloAliber\HelloAliber\profile_app\views.py", line 52, in get_queryset
    profiles = Profile.objects.filter(username=self.request.user).first()
  File "C:\Anone\venv_HelloAliber\lib\site-packages\django\db\models\manager.py", line 82, in manager_method
    return getattr(self.get_queryset(), name)(*args, **kwargs)
  File "C:\Anone\venv_HelloAliber\lib\site-packages\django\db\models\query.py", line 904, in filter
    return self._filter_or_exclude(False, *args, **kwargs)
  File "C:\Anone\venv_HelloAliber\lib\site-packages\django\db\models\query.py", line 923, in _filter_or_exclude
    clone.query.add_q(Q(*args, **kwargs))
  File "C:\Anone\venv_HelloAliber\lib\site-packages\django\db\models\sql\query.py", line 1354, in add_q
    clause, _ = self._add_q(q_object, self.used_aliases)
  File "C:\Anone\venv_HelloAliber\lib\site-packages\django\db\models\sql\query.py", line 1381, in _add_q
    child_clause, needed_inner = self.build_filter(
  File "C:\Anone\venv_HelloAliber\lib\site-packages\django\db\models\sql\query.py", line 1254, in build_filter
    lookups, parts, reffed_expression = self.solve_lookup_type(arg)
  File "C:\Anone\venv_HelloAliber\lib\site-packages\django\db\models\sql\query.py", line 1088, in solve_lookup_type
    _, field, _, lookup_parts = self.names_to_path(lookup_splitted, self.get_meta())
  File "C:\Anone\venv_HelloAliber\lib\site-packages\django\db\models\sql\query.py", line 1486, in names_to_path
    raise FieldError("Cannot resolve keyword '%s' into field. "
django.core.exceptions.FieldError: Cannot resolve keyword 'username' into field. Choices are: address1, address2, birth, create_date, create_id, delete, department, emergency_contact_1_name, emergency_contact_1_phone, emergency_contact_1_relationship, emergency_contact_2_name, emergency_contact_2_phone, emergency_contact_2_relationship, emergency_contact_3_name, emergency_contact_3_phone, emergency_contact_3_relationship, first_name, first_name_k, gender, health_insurance, id, id_id, last_name, last_name_k, nationality, phone, postal_code, residence_card, update_date, update_id, user_id
[ERROR]	asctime:2020-08-19 11:11:38,735	module:basehttp	message:"GET /employee HTTP/1.1" 500 137635	process:7632	thread:8440
[INFO]	asctime:2020-08-19 11:12:17,228	module:basehttp	message:"GET /employee_list HTTP/1.1" 200 13077	process:7632	thread:8440
[INFO]	asctime:2020-08-19 11:14:33,021	module:basehttp	message:"GET / HTTP/1.1" 200 9325	process:7632	thread:8440
[INFO]	asctime:2020-08-19 11:14:34,948	module:basehttp	message:"GET /accounts/login/ HTTP/1.1" 302 0	process:7632	thread:8440
[INFO]	asctime:2020-08-19 11:14:35,087	module:views	message:supersuper	process:7632	thread:8440
[ERROR]	asctime:2020-08-19 11:14:35,267	module:log	message:Internal Server Error: /employee	process:7632	thread:8440
Traceback (most recent call last):
  File "C:\Anone\venv_HelloAliber\lib\site-packages\django\core\handlers\exception.py", line 34, in inner
    response = get_response(request)
  File "C:\Anone\venv_HelloAliber\lib\site-packages\django\core\handlers\base.py", line 115, in _get_response
    response = self.process_exception_by_middleware(e, request)
  File "C:\Anone\venv_HelloAliber\lib\site-packages\django\core\handlers\base.py", line 113, in _get_response
    response = wrapped_callback(request, *callback_args, **callback_kwargs)
  File "C:\Anone\venv_HelloAliber\lib\site-packages\django\views\generic\base.py", line 71, in view
    return self.dispatch(request, *args, **kwargs)
  File "C:\Anone\venv_HelloAliber\lib\site-packages\django\views\generic\base.py", line 97, in dispatch
    return handler(request, *args, **kwargs)
  File "C:\Anone\venv_HelloAliber\lib\site-packages\django\views\generic\list.py", line 142, in get
    self.object_list = self.get_queryset()
  File "C:\Anone\venv_HelloAliber\HelloAliber\profile_app\views.py", line 52, in get_queryset
    profiles = Profile.objects.filter(username=self.request.user).first()
  File "C:\Anone\venv_HelloAliber\lib\site-packages\django\db\models\manager.py", line 82, in manager_method
    return getattr(self.get_queryset(), name)(*args, **kwargs)
  File "C:\Anone\venv_HelloAliber\lib\site-packages\django\db\models\query.py", line 904, in filter
    return self._filter_or_exclude(False, *args, **kwargs)
  File "C:\Anone\venv_HelloAliber\lib\site-packages\django\db\models\query.py", line 923, in _filter_or_exclude
    clone.query.add_q(Q(*args, **kwargs))
  File "C:\Anone\venv_HelloAliber\lib\site-packages\django\db\models\sql\query.py", line 1354, in add_q
    clause, _ = self._add_q(q_object, self.used_aliases)
  File "C:\Anone\venv_HelloAliber\lib\site-packages\django\db\models\sql\query.py", line 1381, in _add_q
    child_clause, needed_inner = self.build_filter(
  File "C:\Anone\venv_HelloAliber\lib\site-packages\django\db\models\sql\query.py", line 1254, in build_filter
    lookups, parts, reffed_expression = self.solve_lookup_type(arg)
  File "C:\Anone\venv_HelloAliber\lib\site-packages\django\db\models\sql\query.py", line 1088, in solve_lookup_type
    _, field, _, lookup_parts = self.names_to_path(lookup_splitted, self.get_meta())
  File "C:\Anone\venv_HelloAliber\lib\site-packages\django\db\models\sql\query.py", line 1486, in names_to_path
    raise FieldError("Cannot resolve keyword '%s' into field. "
django.core.exceptions.FieldError: Cannot resolve keyword 'username' into field. Choices are: address1, address2, birth, create_date, create_id, delete, department, emergency_contact_1_name, emergency_contact_1_phone, emergency_contact_1_relationship, emergency_contact_2_name, emergency_contact_2_phone, emergency_contact_2_relationship, emergency_contact_3_name, emergency_contact_3_phone, emergency_contact_3_relationship, first_name, first_name_k, gender, health_insurance, id, id_id, last_name, last_name_k, nationality, phone, postal_code, residence_card, update_date, update_id, user_id
[ERROR]	asctime:2020-08-19 11:14:35,420	module:basehttp	message:"GET /employee HTTP/1.1" 500 136934	process:7632	thread:8440
[INFO]	asctime:2020-08-19 11:15:01,219	module:basehttp	message:"GET /employee_list HTTP/1.1" 200 12352	process:7632	thread:8440
[INFO]	asctime:2020-08-19 11:18:35,113	module:basehttp	message:"GET / HTTP/1.1" 200 9325	process:7632	thread:8440
[INFO]	asctime:2020-08-19 11:18:40,099	module:basehttp	message:"GET /accounts/login/ HTTP/1.1" 302 0	process:7632	thread:8440
[INFO]	asctime:2020-08-19 11:18:40,245	module:views	message:supersuper	process:7632	thread:8440
[ERROR]	asctime:2020-08-19 11:18:40,457	module:log	message:Internal Server Error: /employee	process:7632	thread:8440
Traceback (most recent call last):
  File "C:\Anone\venv_HelloAliber\lib\site-packages\django\core\handlers\exception.py", line 34, in inner
    response = get_response(request)
  File "C:\Anone\venv_HelloAliber\lib\site-packages\django\core\handlers\base.py", line 115, in _get_response
    response = self.process_exception_by_middleware(e, request)
  File "C:\Anone\venv_HelloAliber\lib\site-packages\django\core\handlers\base.py", line 113, in _get_response
    response = wrapped_callback(request, *callback_args, **callback_kwargs)
  File "C:\Anone\venv_HelloAliber\lib\site-packages\django\views\generic\base.py", line 71, in view
    return self.dispatch(request, *args, **kwargs)
  File "C:\Anone\venv_HelloAliber\lib\site-packages\django\views\generic\base.py", line 97, in dispatch
    return handler(request, *args, **kwargs)
  File "C:\Anone\venv_HelloAliber\lib\site-packages\django\views\generic\list.py", line 142, in get
    self.object_list = self.get_queryset()
  File "C:\Anone\venv_HelloAliber\HelloAliber\profile_app\views.py", line 52, in get_queryset
    profiles = Profile.objects.filter(username=self.request.user).first()
  File "C:\Anone\venv_HelloAliber\lib\site-packages\django\db\models\manager.py", line 82, in manager_method
    return getattr(self.get_queryset(), name)(*args, **kwargs)
  File "C:\Anone\venv_HelloAliber\lib\site-packages\django\db\models\query.py", line 904, in filter
    return self._filter_or_exclude(False, *args, **kwargs)
  File "C:\Anone\venv_HelloAliber\lib\site-packages\django\db\models\query.py", line 923, in _filter_or_exclude
    clone.query.add_q(Q(*args, **kwargs))
  File "C:\Anone\venv_HelloAliber\lib\site-packages\django\db\models\sql\query.py", line 1354, in add_q
    clause, _ = self._add_q(q_object, self.used_aliases)
  File "C:\Anone\venv_HelloAliber\lib\site-packages\django\db\models\sql\query.py", line 1381, in _add_q
    child_clause, needed_inner = self.build_filter(
  File "C:\Anone\venv_HelloAliber\lib\site-packages\django\db\models\sql\query.py", line 1254, in build_filter
    lookups, parts, reffed_expression = self.solve_lookup_type(arg)
  File "C:\Anone\venv_HelloAliber\lib\site-packages\django\db\models\sql\query.py", line 1088, in solve_lookup_type
    _, field, _, lookup_parts = self.names_to_path(lookup_splitted, self.get_meta())
  File "C:\Anone\venv_HelloAliber\lib\site-packages\django\db\models\sql\query.py", line 1486, in names_to_path
    raise FieldError("Cannot resolve keyword '%s' into field. "
django.core.exceptions.FieldError: Cannot resolve keyword 'username' into field. Choices are: address1, address2, birth, create_date, create_id, delete, department, emergency_contact_1_name, emergency_contact_1_phone, emergency_contact_1_relationship, emergency_contact_2_name, emergency_contact_2_phone, emergency_contact_2_relationship, emergency_contact_3_name, emergency_contact_3_phone, emergency_contact_3_relationship, first_name, first_name_k, gender, health_insurance, id, id_id, last_name, last_name_k, nationality, phone, postal_code, residence_card, update_date, update_id, user_id
[ERROR]	asctime:2020-08-19 11:18:40,594	module:basehttp	message:"GET /employee HTTP/1.1" 500 137000	process:7632	thread:8440
[INFO]	asctime:2020-08-19 11:18:47,990	module:basehttp	message:"GET /accounts/password/reset/ HTTP/1.1" 200 12599	process:7632	thread:8440
[INFO]	asctime:2020-08-19 11:19:10,173	module:autoreload	message:Watching for file changes with StatReloader	process:11732	thread:5380
[INFO]	asctime:2020-08-19 11:19:13,113	module:basehttp	message:"GET /accounts/password/reset/ HTTP/1.1" 200 12599	process:11732	thread:940
[INFO]	asctime:2020-08-19 11:19:17,474	module:basehttp	message:"GET /accounts/login/ HTTP/1.1" 302 0	process:11732	thread:940
[INFO]	asctime:2020-08-19 11:19:17,629	module:views	message:supersuper	process:11732	thread:940
[ERROR]	asctime:2020-08-19 11:19:17,936	module:log	message:Internal Server Error: /employee	process:11732	thread:940
Traceback (most recent call last):
  File "C:\Anone\venv_HelloAliber\lib\site-packages\django\core\handlers\exception.py", line 34, in inner
    response = get_response(request)
  File "C:\Anone\venv_HelloAliber\lib\site-packages\django\core\handlers\base.py", line 115, in _get_response
    response = self.process_exception_by_middleware(e, request)
  File "C:\Anone\venv_HelloAliber\lib\site-packages\django\core\handlers\base.py", line 113, in _get_response
    response = wrapped_callback(request, *callback_args, **callback_kwargs)
  File "C:\Anone\venv_HelloAliber\lib\site-packages\django\views\generic\base.py", line 71, in view
    return self.dispatch(request, *args, **kwargs)
  File "C:\Anone\venv_HelloAliber\lib\site-packages\django\views\generic\base.py", line 97, in dispatch
    return handler(request, *args, **kwargs)
  File "C:\Anone\venv_HelloAliber\lib\site-packages\django\views\generic\list.py", line 142, in get
    self.object_list = self.get_queryset()
  File "C:\Anone\venv_HelloAliber\HelloAliber\profile_app\views.py", line 52, in get_queryset
    profiles = Profile.objects.filter(username=self.request.user).first()
  File "C:\Anone\venv_HelloAliber\lib\site-packages\django\db\models\manager.py", line 82, in manager_method
    return getattr(self.get_queryset(), name)(*args, **kwargs)
  File "C:\Anone\venv_HelloAliber\lib\site-packages\django\db\models\query.py", line 904, in filter
    return self._filter_or_exclude(False, *args, **kwargs)
  File "C:\Anone\venv_HelloAliber\lib\site-packages\django\db\models\query.py", line 923, in _filter_or_exclude
    clone.query.add_q(Q(*args, **kwargs))
  File "C:\Anone\venv_HelloAliber\lib\site-packages\django\db\models\sql\query.py", line 1354, in add_q
    clause, _ = self._add_q(q_object, self.used_aliases)
  File "C:\Anone\venv_HelloAliber\lib\site-packages\django\db\models\sql\query.py", line 1381, in _add_q
    child_clause, needed_inner = self.build_filter(
  File "C:\Anone\venv_HelloAliber\lib\site-packages\django\db\models\sql\query.py", line 1254, in build_filter
    lookups, parts, reffed_expression = self.solve_lookup_type(arg)
  File "C:\Anone\venv_HelloAliber\lib\site-packages\django\db\models\sql\query.py", line 1088, in solve_lookup_type
    _, field, _, lookup_parts = self.names_to_path(lookup_splitted, self.get_meta())
  File "C:\Anone\venv_HelloAliber\lib\site-packages\django\db\models\sql\query.py", line 1486, in names_to_path
    raise FieldError("Cannot resolve keyword '%s' into field. "
django.core.exceptions.FieldError: Cannot resolve keyword 'username' into field. Choices are: address1, address2, birth, create_date, create_id, delete, department, emergency_contact_1_name, emergency_contact_1_phone, emergency_contact_1_relationship, emergency_contact_2_name, emergency_contact_2_phone, emergency_contact_2_relationship, emergency_contact_3_name, emergency_contact_3_phone, emergency_contact_3_relationship, first_name, first_name_k, gender, health_insurance, id, id_id, last_name, last_name_k, nationality, phone, postal_code, residence_card, update_date, update_id, user_id
[ERROR]	asctime:2020-08-19 11:19:18,080	module:basehttp	message:"GET /employee HTTP/1.1" 500 136958	process:11732	thread:940
[INFO]	asctime:2020-08-19 11:19:22,385	module:basehttp	message:"GET / HTTP/1.1" 200 9325	process:11732	thread:940
[INFO]	asctime:2020-08-19 11:19:24,137	module:basehttp	message:"GET /employee_list HTTP/1.1" 200 12352	process:11732	thread:940
[INFO]	asctime:2020-08-19 11:19:27,507	module:basehttp	message:"GET /accounts/logout/ HTTP/1.1" 302 0	process:11732	thread:940
[INFO]	asctime:2020-08-19 11:19:27,655	module:basehttp	message:"GET /accounts/login/ HTTP/1.1" 200 12998	process:11732	thread:940
[INFO]	asctime:2020-08-19 11:19:36,951	module:basehttp	message:"GET /accounts/password/reset/ HTTP/1.1" 200 12478	process:11732	thread:940
[INFO]	asctime:2020-08-19 11:19:40,744	module:basehttp	message:"POST /accounts/password/reset/ HTTP/1.1" 200 12654	process:11732	thread:940
[INFO]	asctime:2020-08-19 11:20:13,162	module:basehttp	message:"POST /accounts/password/reset/ HTTP/1.1" 200 12745	process:11732	thread:940
[INFO]	asctime:2020-08-19 11:23:01,024	module:basehttp	message:"POST /accounts/password/reset/ HTTP/1.1" 302 0	process:11732	thread:940
[INFO]	asctime:2020-08-19 11:23:01,058	module:basehttp	message:"GET /accounts/password/reset/done/ HTTP/1.1" 200 11533	process:11732	thread:940
[INFO]	asctime:2020-08-19 11:24:04,407	module:basehttp	message:"GET /accounts/password/reset/key/1-5j6-79a43ca6da2d245fda24/ HTTP/1.1" 302 0	process:11732	thread:940
[INFO]	asctime:2020-08-19 11:24:04,716	module:basehttp	message:"GET /accounts/password/reset/key/1-set-password/ HTTP/1.1" 200 12209	process:11732	thread:940
[INFO]	asctime:2020-08-19 11:41:19,917	module:autoreload	message:C:\Anone\venv_HelloAliber\HelloAliber\accounts\forms.py changed, reloading.	process:11732	thread:5380
[INFO]	asctime:2020-08-19 11:41:21,434	module:autoreload	message:Watching for file changes with StatReloader	process:11776	thread:13944
[INFO]	asctime:2020-08-19 11:48:17,210	module:basehttp	message:"GET / HTTP/1.1" 200 9323	process:11776	thread:1940
[INFO]	asctime:2020-08-19 11:48:18,764	module:basehttp	message:"GET /employee_list HTTP/1.1" 200 12343	process:11776	thread:1940
